2025-04-18 14:28:41.954 INFO  [main][PortalContextLoaderListener:114] JVM arguments: --add-opens=java.base/java.lang=ALL-UNNAMED --add-opens=java.base/java.lang.invoke=ALL-UNNAMED --add-opens=java.base/java.lang.reflect=ALL-UNNAMED --add-opens=java.base/java.net=ALL-UNNAMED --add-opens=java.base/sun.net.www.protocol.http=ALL-UNNAMED --add-opens=java.base/sun.net.www.protocol.https=ALL-UNNAMED --add-opens=java.base/sun.util.calendar=ALL-UNNAMED --add-opens=jdk.zipfs/jdk.nio.zipfs=ALL-UNNAMED --add-opens=java.base/java.lang=ALL-UNNAMED --add-opens=java.base/java.io=ALL-UNNAMED --add-opens=java.base/java.util=ALL-UNNAMED --add-opens=java.base/java.util.concurrent=ALL-UNNAMED --add-opens=java.rmi/sun.rmi.transport=ALL-UNNAMED -Djava.util.logging.config.file=D:\UOC\MasterLlocsWeb\TFM\liferay-portal\tomcat\conf\logging.properties -Djava.util.logging.manager=org.apache.juli.ClassLoaderLogManager -Djdk.tls.ephemeralDHKeySize=2048 -Djava.protocol.handler.pkgs=org.apache.catalina.webresources -Dfile.encoding=UTF-8 -Djava.net.preferIPv4Stack=true -Duser.timezone=GMT -Xms2560m -Xmx2560m -XX:MaxNewSize=1536m -XX:MaxMetaspaceSize=768m -XX:MetaspaceSize=768m -XX:NewSize=1536m -XX:SurvivorRatio=7 -Dignore.endorsed.dirs= -Dcatalina.base=D:\UOC\MasterLlocsWeb\TFM\liferay-portal\tomcat -Dcatalina.home=D:\UOC\MasterLlocsWeb\TFM\liferay-portal\tomcat -Djava.io.tmpdir=D:\UOC\MasterLlocsWeb\TFM\liferay-portal\tomcat\temp
2025-04-18 14:29:47.181 INFO  [SystemExecutorServiceUtil-1][DataSourceFactoryImpl:439] Rewrite JDBC URL from jdbc:mysql://localhost/kefaihub to jdbc:mysql://localhost/kefaihub?cachePrepStmts=true&characterEncoding=UTF-8&dontTrackOpenResources=true&holdResultsOpenOverStatementClose=true&prepStmtCacheSize=1000&prepStmtCacheSqlLimit=2048&rewriteBatchedStatements=true&serverTimezone=GMT&useFastDateParsing=false&useLocalSessionState=true&useLocalTransactionState=true&useUnicode=true
2025-04-18 14:29:48.492 INFO  [SystemExecutorServiceUtil-1][DialectDetector:134] Using dialect org.hibernate.dialect.MySQL8Dialect for MySQL 8.0
2025-04-18 14:29:49.545 INFO  [main][ModuleFrameworkImpl:1355] Starting initial bundles
2025-04-18 14:29:55.808 INFO  [main][InterpolationConfigurationPlugin:109] Configured directory for secrets: D:/UOC/MasterLlocsWeb/TFM/liferay-portal/osgi/configs
2025-04-18 14:29:57.621 INFO  [main][ModuleFrameworkImpl:1645] Started initial bundles
2025-04-18 14:29:57.621 INFO  [main][ModuleFrameworkImpl:1690] Starting dynamic bundles
2025-04-18 14:30:04.062 WARN  [Start Level: Equinox Container: d0e3a95d-3165-4a50-8352-64381719e2d8][SidecarManager:70] Liferay automatically starts a child process of Elasticsearch named sidecar for convenient development and demonstration purposes. Do NOT use sidecar in production. Refer to the documentation for details on the limitations of sidecar and instructions on configuring a remote Elasticsearch connection in the Control Panel.
2025-04-18 14:30:24.571 INFO  [main][ModuleFrameworkImpl:1713] Started dynamic bundles
2025-04-18 14:30:24.571 INFO  [main][ModuleFrameworkImpl:1720] Starting web bundles
2025-04-18 14:30:28.835 INFO  [main][ModuleFrameworkImpl:1774] Started web bundles
2025-04-18 14:30:28.836 INFO  [main][ModuleFrameworkImpl:283] Navigate to Control Panel > System > Gogo Shell and enter "lb" to see all bundles
2025-04-18 14:30:30.195 INFO  [SystemExecutorServiceUtil-18][Sidecar:100] Sidecar Elasticsearch 7.17.26 liferay_sidecar started at 127.0.0.1:9201
2025-04-18 14:30:30.263 INFO  [main][StartupHelperUtil:100] There are no patches installed
2025-04-18 14:30:32.325 INFO  [main][AutoDeployDir:152] Auto deploy scanner started for D:\UOC\MasterLlocsWeb\TFM\liferay-portal\deploy
2025-04-18 14:30:39.518 INFO  [fileinstall-directory-watcher][BaseAutoDeployListener:34] Copying themes for D:\UOC\MasterLlocsWeb\TFM\liferay-portal\tomcat\temp\20250418143038968MPOIJQTQ\admin-theme.war
2025-04-18 14:30:45.402 INFO  [fileinstall-directory-watcher][BaseAutoDeployListener:41] Themes for D:\UOC\MasterLlocsWeb\TFM\liferay-portal\tomcat\temp\20250418143038968MPOIJQTQ\admin-theme.war copied successfully
2025-04-18 14:30:47.290 INFO  [fileinstall-directory-watcher][BaseAutoDeployListener:34] Copying themes for D:\UOC\MasterLlocsWeb\TFM\liferay-portal\tomcat\temp\20250418143047155WFWSGAHH\classic-theme.war
2025-04-18 14:30:51.033 INFO  [fileinstall-directory-watcher][BaseAutoDeployListener:41] Themes for D:\UOC\MasterLlocsWeb\TFM\liferay-portal\tomcat\temp\20250418143047155WFWSGAHH\classic-theme.war copied successfully
2025-04-18 14:30:52.311 INFO  [fileinstall-directory-watcher][BaseAutoDeployListener:34] Copying themes for D:\UOC\MasterLlocsWeb\TFM\liferay-portal\tomcat\temp\20250418143052273UWSSGQMH\dialect-theme.war
2025-04-18 14:30:56.181 INFO  [fileinstall-directory-watcher][BaseAutoDeployListener:41] Themes for D:\UOC\MasterLlocsWeb\TFM\liferay-portal\tomcat\temp\20250418143052273UWSSGQMH\dialect-theme.war copied successfully
2025-04-18 14:30:58.131 INFO  [fileinstall-directory-watcher][BaseAutoDeployListener:34] Copying themes for D:\UOC\MasterLlocsWeb\TFM\liferay-portal\tomcat\temp\20250418143057450BTTQPXTH\minium-theme.war
2025-04-18 14:31:02.101 INFO  [fileinstall-directory-watcher][BaseAutoDeployListener:41] Themes for D:\UOC\MasterLlocsWeb\TFM\liferay-portal\tomcat\temp\20250418143057450BTTQPXTH\minium-theme.war copied successfully
2025-04-18 14:31:03.335 INFO  [fileinstall-directory-watcher][BaseAutoDeployListener:34] Copying themes for D:\UOC\MasterLlocsWeb\TFM\liferay-portal\tomcat\temp\20250418143103300YLMJSUCC\speedwell-theme.war
2025-04-18 14:31:06.950 INFO  [fileinstall-directory-watcher][BaseAutoDeployListener:41] Themes for D:\UOC\MasterLlocsWeb\TFM\liferay-portal\tomcat\temp\20250418143103300YLMJSUCC\speedwell-theme.war copied successfully
2025-04-18 16:03:05.433 WARN  [http-nio-8080-exec-5][LiferayOAuthDataProvider:848] Remote client 127.0.0.1 - 127.0.0.1 tried to use a nonexistent OAuth 2 client ID kefaihub-client
2025-04-18 16:03:13.863 WARN  [http-nio-8080-exec-3][LiferayOAuthDataProvider:848] Remote client 127.0.0.1 - 127.0.0.1 tried to use a nonexistent OAuth 2 client ID kefaihub-client
2025-04-18 16:03:15.173 WARN  [http-nio-8080-exec-8][LiferayOAuthDataProvider:848] Remote client 127.0.0.1 - 127.0.0.1 tried to use a nonexistent OAuth 2 client ID kefaihub-client
2025-04-18 16:03:15.387 WARN  [http-nio-8080-exec-7][LiferayOAuthDataProvider:848] Remote client 127.0.0.1 - 127.0.0.1 tried to use a nonexistent OAuth 2 client ID kefaihub-client
2025-04-18 16:03:20.994 WARN  [http-nio-8080-exec-2][LiferayOAuthDataProvider:848] Remote client 127.0.0.1 - 127.0.0.1 tried to use a nonexistent OAuth 2 client ID kefaihub-client
2025-04-18 16:03:45.379 WARN  [http-nio-8080-exec-1][LiferayOAuthDataProvider:848] Remote client 127.0.0.1 - 127.0.0.1 tried to use a nonexistent OAuth 2 client ID kefaihub-client
2025-04-18 16:03:45.518 WARN  [http-nio-8080-exec-8][LiferayOAuthDataProvider:848] Remote client 127.0.0.1 - 127.0.0.1 tried to use a nonexistent OAuth 2 client ID kefaihub-client
2025-04-18 16:03:45.737 WARN  [http-nio-8080-exec-9][LiferayOAuthDataProvider:848] Remote client 127.0.0.1 - 127.0.0.1 tried to use a nonexistent OAuth 2 client ID kefaihub-client
2025-04-18 17:55:29.234 INFO  [main][PortalContextLoaderListener:114] JVM arguments: --add-opens=java.base/java.lang=ALL-UNNAMED --add-opens=java.base/java.lang.invoke=ALL-UNNAMED --add-opens=java.base/java.lang.reflect=ALL-UNNAMED --add-opens=java.base/java.net=ALL-UNNAMED --add-opens=java.base/sun.net.www.protocol.http=ALL-UNNAMED --add-opens=java.base/sun.net.www.protocol.https=ALL-UNNAMED --add-opens=java.base/sun.util.calendar=ALL-UNNAMED --add-opens=jdk.zipfs/jdk.nio.zipfs=ALL-UNNAMED --add-opens=java.base/java.lang=ALL-UNNAMED --add-opens=java.base/java.io=ALL-UNNAMED --add-opens=java.base/java.util=ALL-UNNAMED --add-opens=java.base/java.util.concurrent=ALL-UNNAMED --add-opens=java.rmi/sun.rmi.transport=ALL-UNNAMED -Djava.util.logging.config.file=D:\UOC\MasterLlocsWeb\TFM\liferay-portal\tomcat\conf\logging.properties -Djava.util.logging.manager=org.apache.juli.ClassLoaderLogManager -Djdk.tls.ephemeralDHKeySize=2048 -Djava.protocol.handler.pkgs=org.apache.catalina.webresources -Dfile.encoding=UTF-8 -Djava.net.preferIPv4Stack=true -Duser.timezone=GMT -Xms2560m -Xmx2560m -XX:MaxNewSize=1536m -XX:MaxMetaspaceSize=768m -XX:MetaspaceSize=768m -XX:NewSize=1536m -XX:SurvivorRatio=7 -Dignore.endorsed.dirs= -Dcatalina.base=D:\UOC\MasterLlocsWeb\TFM\liferay-portal\tomcat -Dcatalina.home=D:\UOC\MasterLlocsWeb\TFM\liferay-portal\tomcat -Djava.io.tmpdir=D:\UOC\MasterLlocsWeb\TFM\liferay-portal\tomcat\temp
2025-04-18 17:56:23.422 INFO  [SystemExecutorServiceUtil-1][DataSourceFactoryImpl:439] Rewrite JDBC URL from jdbc:mysql://localhost/kefaihub to jdbc:mysql://localhost/kefaihub?cachePrepStmts=true&characterEncoding=UTF-8&dontTrackOpenResources=true&holdResultsOpenOverStatementClose=true&prepStmtCacheSize=1000&prepStmtCacheSqlLimit=2048&rewriteBatchedStatements=true&serverTimezone=GMT&useFastDateParsing=false&useLocalSessionState=true&useLocalTransactionState=true&useUnicode=true
2025-04-18 17:56:27.448 INFO  [SystemExecutorServiceUtil-1][DialectDetector:134] Using dialect org.hibernate.dialect.MySQL8Dialect for MySQL 8.0
2025-04-18 17:56:27.548 INFO  [SystemExecutorServiceUtil-1][DBInitUtil:109] Create tables and populate with default data
2025-04-18 17:56:33.313 INFO  [main][ModuleFrameworkImpl:1355] Starting initial bundles
2025-04-18 17:56:39.239 INFO  [main][InterpolationConfigurationPlugin:109] Configured directory for secrets: D:/UOC/MasterLlocsWeb/TFM/liferay-portal/osgi/configs
2025-04-18 17:56:40.654 INFO  [main][ModuleFrameworkImpl:1645] Started initial bundles
2025-04-18 17:56:40.654 INFO  [main][ModuleFrameworkImpl:1690] Starting dynamic bundles
2025-04-18 17:56:45.872 WARN  [Start Level: Equinox Container: 96733b91-f740-493b-80d0-fa9cda72c544][SidecarManager:70] Liferay automatically starts a child process of Elasticsearch named sidecar for convenient development and demonstration purposes. Do NOT use sidecar in production. Refer to the documentation for details on the limitations of sidecar and instructions on configuring a remote Elasticsearch connection in the Control Panel.
2025-04-18 17:57:02.120 INFO  [main][ModuleFrameworkImpl:1713] Started dynamic bundles
2025-04-18 17:57:02.121 INFO  [main][ModuleFrameworkImpl:1720] Starting web bundles
2025-04-18 17:57:04.920 INFO  [SystemExecutorServiceUtil-6][Sidecar:100] Sidecar Elasticsearch 7.17.26 liferay_sidecar started at 127.0.0.1:9201
2025-04-18 17:57:05.031 INFO  [main][ModuleFrameworkImpl:1774] Started web bundles
2025-04-18 17:57:05.031 INFO  [main][ModuleFrameworkImpl:283] Navigate to Control Panel > System > Gogo Shell and enter "lb" to see all bundles
2025-04-18 17:57:07.412 INFO  [main][StartupHelperUtil:100] There are no patches installed
2025-04-18 17:57:07.940 INFO  [main][AutoDeployDir:152] Auto deploy scanner started for D:\UOC\MasterLlocsWeb\TFM\liferay-portal\deploy
2025-04-18 17:57:33.964 INFO  [main][VerifyProcess:65] Verifying com.liferay.portal.security.service.access.policy.internal.verify.SAPServiceVerifyProcess
2025-04-18 17:57:33.964 INFO  [main][LoggingTimer:74] Starting com.liferay.portal.security.service.access.policy.internal.verify.SAPServiceVerifyProcess#verifyDefaultSAPEntry
2025-04-18 17:57:33.980 INFO  [main][LoggingTimer:35] Completed com.liferay.portal.security.service.access.policy.internal.verify.SAPServiceVerifyProcess#verifyDefaultSAPEntry in 16 ms
2025-04-18 17:57:33.980 INFO  [main][VerifyProcess:78] Completed verification process com.liferay.portal.security.service.access.policy.internal.verify.SAPServiceVerifyProcess in 17 ms
2025-04-18 17:57:33.990 INFO  [main][VerifyProcess:65] Verifying com.liferay.commerce.product.internal.verify.CommerceProductServiceVerifyProcess
2025-04-18 17:57:33.990 INFO  [main][LoggingTimer:74] Starting com.liferay.commerce.product.internal.verify.CommerceProductServiceVerifyProcess#verifyCPMeasurementUnits
2025-04-18 17:57:34.081 INFO  [main][LoggingTimer:35] Completed com.liferay.commerce.product.internal.verify.CommerceProductServiceVerifyProcess#verifyCPMeasurementUnits in 91 ms
2025-04-18 17:57:34.081 INFO  [main][VerifyProcess:78] Completed verification process com.liferay.commerce.product.internal.verify.CommerceProductServiceVerifyProcess in 92 ms
2025-04-18 17:57:35.472 INFO  [fileinstall-directory-watcher][BaseAutoDeployListener:34] Copying themes for D:\UOC\MasterLlocsWeb\TFM\liferay-portal\tomcat\temp\20250418175735399URDHRZOQ\admin-theme.war
2025-04-18 17:57:36.639 INFO  [SystemExecutorServiceUtil-20-com.liferay.portal.spring.extender.internal.configuration.ServiceConfigurationInitializer-com.liferay.change.tracking.service][VerifyProcess:65] Verifying com.liferay.adaptive.media.document.library.thumbnails.internal.verify.DocumentLibraryThumbnailsConfigurationVerifyProcess
2025-04-18 17:57:36.672 INFO  [SystemExecutorServiceUtil-20-com.liferay.portal.spring.extender.internal.configuration.ServiceConfigurationInitializer-com.liferay.change.tracking.service][VerifyProcess:78] Completed verification process com.liferay.adaptive.media.document.library.thumbnails.internal.verify.DocumentLibraryThumbnailsConfigurationVerifyProcess in 33 ms
2025-04-18 17:57:37.555 INFO  [SystemExecutorServiceUtil-20-com.liferay.portal.spring.extender.internal.configuration.ServiceConfigurationInitializer-com.liferay.change.tracking.service][VerifyProcess:65] Verifying com.liferay.commerce.price.list.internal.verify.CommercePriceListServiceVerifyProcess
2025-04-18 17:57:37.556 INFO  [SystemExecutorServiceUtil-20-com.liferay.portal.spring.extender.internal.configuration.ServiceConfigurationInitializer-com.liferay.change.tracking.service][LoggingTimer:74] Starting com.liferay.commerce.price.list.internal.verify.CommercePriceListServiceVerifyProcess#verifyBasePriceLists
2025-04-18 17:57:37.560 INFO  [SystemExecutorServiceUtil-20-com.liferay.portal.spring.extender.internal.configuration.ServiceConfigurationInitializer-com.liferay.change.tracking.service][LoggingTimer:35] Completed com.liferay.commerce.price.list.internal.verify.CommercePriceListServiceVerifyProcess#verifyBasePriceLists in 4 ms
2025-04-18 17:57:37.561 INFO  [SystemExecutorServiceUtil-20-com.liferay.portal.spring.extender.internal.configuration.ServiceConfigurationInitializer-com.liferay.change.tracking.service][VerifyProcess:78] Completed verification process com.liferay.commerce.price.list.internal.verify.CommercePriceListServiceVerifyProcess in 6 ms
2025-04-18 17:57:37.886 INFO  [fileinstall-directory-watcher][BaseAutoDeployListener:41] Themes for D:\UOC\MasterLlocsWeb\TFM\liferay-portal\tomcat\temp\20250418175735399URDHRZOQ\admin-theme.war copied successfully
2025-04-18 17:57:39.158 INFO  [SystemExecutorServiceUtil-20-com.liferay.portal.spring.extender.internal.configuration.ServiceConfigurationInitializer-com.liferay.change.tracking.service][VerifyProcess:65] Verifying com.liferay.commerce.internal.verify.CommerceAccountServiceVerifyProcess
2025-04-18 17:57:39.159 INFO  [SystemExecutorServiceUtil-20-com.liferay.portal.spring.extender.internal.configuration.ServiceConfigurationInitializer-com.liferay.change.tracking.service][LoggingTimer:74] Starting com.liferay.commerce.internal.verify.CommerceAccountServiceVerifyProcess#verifyAccountRoles
2025-04-18 17:57:39.170 INFO  [SystemExecutorServiceUtil-20-com.liferay.portal.spring.extender.internal.configuration.ServiceConfigurationInitializer-com.liferay.change.tracking.service][LoggingTimer:35] Completed com.liferay.commerce.internal.verify.CommerceAccountServiceVerifyProcess#verifyAccountRoles in 10 ms
2025-04-18 17:57:39.170 INFO  [SystemExecutorServiceUtil-20-com.liferay.portal.spring.extender.internal.configuration.ServiceConfigurationInitializer-com.liferay.change.tracking.service][LoggingTimer:74] Starting com.liferay.commerce.internal.verify.CommerceAccountServiceVerifyProcess#verifyAccountGroup
2025-04-18 17:57:39.172 INFO  [SystemExecutorServiceUtil-20-com.liferay.portal.spring.extender.internal.configuration.ServiceConfigurationInitializer-com.liferay.change.tracking.service][LoggingTimer:35] Completed com.liferay.commerce.internal.verify.CommerceAccountServiceVerifyProcess#verifyAccountGroup in 1 ms
2025-04-18 17:57:39.172 INFO  [SystemExecutorServiceUtil-20-com.liferay.portal.spring.extender.internal.configuration.ServiceConfigurationInitializer-com.liferay.change.tracking.service][VerifyProcess:78] Completed verification process com.liferay.commerce.internal.verify.CommerceAccountServiceVerifyProcess in 15 ms
2025-04-18 17:57:39.366 INFO  [fileinstall-directory-watcher][BaseAutoDeployListener:34] Copying themes for D:\UOC\MasterLlocsWeb\TFM\liferay-portal\tomcat\temp\20250418175739346DWXYBYXV\classic-theme.war
2025-04-18 17:57:40.190 INFO  [SystemExecutorServiceUtil-20-com.liferay.portal.spring.extender.internal.configuration.ServiceConfigurationInitializer-com.liferay.change.tracking.service][BatchEngineImportTaskExecutorImpl:95] Started batch engine import task 1
2025-04-18 17:57:41.192 INFO  [SystemExecutorServiceUtil-20-com.liferay.portal.spring.extender.internal.configuration.ServiceConfigurationInitializer-com.liferay.change.tracking.service][BatchEngineImportTaskExecutorImpl:176] Finished batch engine import task 1 in 1001ms
2025-04-18 17:57:41.544 INFO  [fileinstall-directory-watcher][BaseAutoDeployListener:41] Themes for D:\UOC\MasterLlocsWeb\TFM\liferay-portal\tomcat\temp\20250418175739346DWXYBYXV\classic-theme.war copied successfully
2025-04-18 17:57:44.493 INFO  [fileinstall-directory-watcher][BaseAutoDeployListener:34] Copying themes for D:\UOC\MasterLlocsWeb\TFM\liferay-portal\tomcat\temp\20250418175744410FYQUCQNV\dialect-theme.war
2025-04-18 17:57:50.660 INFO  [fileinstall-directory-watcher][BaseAutoDeployListener:41] Themes for D:\UOC\MasterLlocsWeb\TFM\liferay-portal\tomcat\temp\20250418175744410FYQUCQNV\dialect-theme.war copied successfully
2025-04-18 17:57:52.222 INFO  [fileinstall-directory-watcher][BaseAutoDeployListener:34] Copying themes for D:\UOC\MasterLlocsWeb\TFM\liferay-portal\tomcat\temp\20250418175751978OJWCSZSC\minium-theme.war
2025-04-18 17:58:00.180 INFO  [fileinstall-directory-watcher][BaseAutoDeployListener:41] Themes for D:\UOC\MasterLlocsWeb\TFM\liferay-portal\tomcat\temp\20250418175751978OJWCSZSC\minium-theme.war copied successfully
2025-04-18 17:58:02.701 INFO  [fileinstall-directory-watcher][BaseAutoDeployListener:34] Copying themes for D:\UOC\MasterLlocsWeb\TFM\liferay-portal\tomcat\temp\20250418175802508UUUSRDHC\speedwell-theme.war
2025-04-18 17:58:09.717 INFO  [fileinstall-directory-watcher][BaseAutoDeployListener:41] Themes for D:\UOC\MasterLlocsWeb\TFM\liferay-portal\tomcat\temp\20250418175802508UUUSRDHC\speedwell-theme.war copied successfully
2025-04-18 17:58:16.989 INFO  [http-nio-8080-exec-1][BundleSiteInitializer:528] Initializing com.liferay.site.initializer.welcome for group 20117
2025-04-18 17:58:16.994 INFO  [http-nio-8080-exec-1][BundleSiteInitializer:5600] Invoking addOrUpdateUserGroups took 1 ms
2025-04-18 17:58:16.995 INFO  [http-nio-8080-exec-1][BundleSiteInitializer:5600] Invoking addOrUpdateListTypeDefinitions took 1 ms
2025-04-18 17:58:16.995 INFO  [http-nio-8080-exec-1][BundleSiteInitializer:5600] Invoking addOrUpdateDepotEntries took 0 ms
2025-04-18 17:58:16.995 INFO  [http-nio-8080-exec-1][BundleSiteInitializer:5600] Invoking addOrUpdateDDMStructures took 0 ms
2025-04-18 17:58:16.996 INFO  [http-nio-8080-exec-1][BundleSiteInitializer:5600] Invoking addOrUpdateObjectFolders took 1 ms
2025-04-18 17:58:17.093 INFO  [http-nio-8080-exec-1][BundleSiteInitializer:5600] Invoking addAccountGroups took 96 ms
2025-04-18 17:58:17.093 INFO  [http-nio-8080-exec-1][BundleSiteInitializer:5600] Invoking addSiteSettings took 0 ms
2025-04-18 17:58:17.094 INFO  [http-nio-8080-exec-1][BundleSiteInitializer:5600] Invoking addKeywords took 0 ms
2025-04-18 17:58:17.095 INFO  [http-nio-8080-exec-1][BundleSiteInitializer:5600] Invoking addSiteConfiguration took 1 ms
2025-04-18 17:58:17.095 INFO  [http-nio-8080-exec-1][BundleSiteInitializer:5600] Invoking addOrUpdateExpandoColumns took 0 ms
2025-04-18 17:58:17.095 INFO  [http-nio-8080-exec-1][BundleSiteInitializer:5600] Invoking setPLOEntries took 0 ms
2025-04-18 17:58:17.098 INFO  [http-nio-8080-exec-1][BundleSiteInitializer:5600] Invoking addOrUpdateDataDefinitions took 3 ms
2025-04-18 17:58:17.098 INFO  [http-nio-8080-exec-1][BundleSiteInitializer:5600] Invoking addOrUpdateSAPEntries took 0 ms
2025-04-18 17:58:17.099 INFO  [http-nio-8080-exec-1][BundleSiteInitializer:5600] Invoking addStyleBookEntries took 0 ms
2025-04-18 17:58:17.101 INFO  [http-nio-8080-exec-1][BundleSiteInitializer:5600] Invoking addOrUpdateRoles took 1 ms
2025-04-18 17:58:17.101 INFO  [http-nio-8080-exec-1][BundleSiteInitializer:5600] Invoking addOrUpdateKnowledgeBaseArticles took 0 ms
2025-04-18 17:58:17.101 INFO  [http-nio-8080-exec-1][BundleSiteInitializer:5600] Invoking addAccounts took 0 ms
2025-04-18 17:58:17.102 INFO  [http-nio-8080-exec-1][BundleSiteInitializer:5600] Invoking addOrUpdateTaxonomyVocabularies took 0 ms
2025-04-18 17:58:17.102 INFO  [http-nio-8080-exec-1][BundleSiteInitializer:5600] Invoking addAccountGroupAssignments took 0 ms
2025-04-18 17:58:17.103 INFO  [http-nio-8080-exec-1][BundleSiteInitializer:5600] Invoking addWorkflowDefinitions took 1 ms
2025-04-18 17:58:19.510 INFO  [http-nio-8080-exec-1][BundleSiteInitializer:5600] Invoking addOrUpdateDocuments took 2407 ms
2025-04-18 17:58:19.511 INFO  [http-nio-8080-exec-1][BundleSiteInitializer:5600] Invoking addFragmentEntries took 0 ms
2025-04-18 17:58:19.928 INFO  [http-nio-8080-exec-1][BundleSiteInitializer:5600] Invoking addOrUpdateLayouts took 416 ms
2025-04-18 17:58:19.928 INFO  [http-nio-8080-exec-1][BundleSiteInitializer:5600] Invoking addOrUpdateSXPBlueprint took 0 ms
2025-04-18 17:58:19.929 INFO  [http-nio-8080-exec-1][BundleSiteInitializer:5600] Invoking addOrUpdateOrganizations took 0 ms
2025-04-18 17:58:19.930 INFO  [http-nio-8080-exec-1][BundleSiteInitializer:5600] Invoking addAccountsOrganizations took 0 ms
2025-04-18 17:58:19.930 INFO  [http-nio-8080-exec-1][BundleSiteInitializer:5600] Invoking addPortletSettings took 0 ms
2025-04-18 17:58:19.931 INFO  [http-nio-8080-exec-1][BundleSiteInitializer:5600] Invoking addOrUpdateClientExtensionEntries took 1 ms
2025-04-18 17:58:19.940 INFO  [http-nio-8080-exec-1][BundleSiteInitializer:5600] Invoking updateLayoutSets took 9 ms
2025-04-18 17:58:19.941 INFO  [http-nio-8080-exec-1][BundleSiteInitializer:5600] Invoking addOrUpdateBlogPostings took 0 ms
2025-04-18 17:58:19.941 INFO  [http-nio-8080-exec-1][BundleSiteInitializer:5600] Invoking addUserAccounts took 0 ms
2025-04-18 17:58:19.941 INFO  [http-nio-8080-exec-1][BundleSiteInitializer:5600] Invoking addOrUpdateAssetLinkEntries took 0 ms
2025-04-18 17:58:19.942 INFO  [http-nio-8080-exec-1][BundleSiteInitializer:5600] Invoking addUserRoles took 0 ms
2025-04-18 17:58:19.943 INFO  [http-nio-8080-exec-1][BundleSiteInitializer:5600] Invoking addObjectDefinitions took 1 ms
2025-04-18 17:58:19.943 INFO  [http-nio-8080-exec-1][BundleSiteInitializer:5600] Invoking addRolesAssignments took 0 ms
2025-04-18 17:58:19.944 INFO  [http-nio-8080-exec-1][BundleSiteInitializer:5600] Invoking addOrUpdateSegmentsEntries took 0 ms
2025-04-18 17:58:19.944 INFO  [http-nio-8080-exec-1][BundleSiteInitializer:5600] Invoking addOrUpdateObjectRelationships took 0 ms
2025-04-18 17:58:19.945 INFO  [http-nio-8080-exec-1][BundleSiteInitializer:5600] Invoking addOrUpdateObjectFields took 0 ms
2025-04-18 17:58:19.945 INFO  [http-nio-8080-exec-1][BundleSiteInitializer:5600] Invoking publishObjectDefinitions took 0 ms
2025-04-18 17:58:19.945 INFO  [http-nio-8080-exec-1][BundleSiteInitializer:5600] Invoking addOrUpdateNotificationTemplates took 0 ms
2025-04-18 17:58:19.945 INFO  [http-nio-8080-exec-1][BundleSiteInitializer:5600] Invoking addOrUpdateAccountEntryRestrictions took 0 ms
2025-04-18 17:58:19.958 INFO  [http-nio-8080-exec-1][BundleSiteInitializer:5600] Invoking addOrUpdateDDMTemplates took 12 ms
2025-04-18 17:58:19.958 INFO  [http-nio-8080-exec-1][BundleSiteInitializer:5600] Invoking addOrUpdateObjectActions took 0 ms
2025-04-18 17:58:19.958 INFO  [http-nio-8080-exec-1][BundleSiteInitializer:5600] Invoking addAssetListEntries took 0 ms
2025-04-18 17:58:19.959 INFO  [http-nio-8080-exec-1][BundleSiteInitializer:5600] Invoking addOrUpdateObjectEntries took 0 ms
2025-04-18 17:58:19.960 INFO  [http-nio-8080-exec-1][BundleSiteInitializer:5600] Invoking addOrUpdateJournalArticles took 1 ms
2025-04-18 17:58:19.960 INFO  [http-nio-8080-exec-1][BundleSiteInitializer:5600] Invoking addCPDefinitions took 0 ms
2025-04-18 17:58:22.176 INFO  [http-nio-8080-exec-1][BundleSiteInitializer:5600] Invoking addLayoutUtilityPageEntries took 2215 ms
2025-04-18 17:58:22.176 INFO  [http-nio-8080-exec-1][BundleSiteInitializer:5600] Invoking addLayoutPageTemplates took 0 ms
2025-04-18 17:58:22.766 INFO  [http-nio-8080-exec-1][BundleSiteInitializer:5600] Invoking addOrUpdateLayoutsContent took 588 ms
2025-04-18 17:58:22.766 INFO  [http-nio-8080-exec-1][BundleSiteInitializer:5600] Invoking addSegmentsExperiences took 0 ms
2025-04-18 17:58:22.767 INFO  [http-nio-8080-exec-1][BundleSiteInitializer:5600] Invoking addOrUpdateResourcePermissions took 0 ms
2025-04-18 17:58:22.770 INFO  [http-nio-8080-exec-1][BundleSiteInitializer:5600] Invoking addExpandoValues took 0 ms
2025-04-18 17:58:22.770 INFO  [http-nio-8080-exec-1][BundleSiteInitializer:546] Initialized com.liferay.site.initializer.welcome for group 20117 in 5782 ms
2025-04-18 22:00:39.078 ERROR [http-nio-8080-exec-1][ExceptionMapper:79] Cannot invoke "com.liferay.expando.kernel.model.ExpandoColumn.getType()" because "column" is null
java.lang.NullPointerException: Cannot invoke "com.liferay.expando.kernel.model.ExpandoColumn.getType()" because "column" is null
	at com.liferay.expando.internal.ExpandoBridgeImpl.getAttributeType(ExpandoBridgeImpl.java:334) ~[?:?]
	at com.liferay.headless.admin.user.internal.dto.v1_0.util.CustomFieldsUtil.toMap(CustomFieldsUtil.java:89) ~[?:?]
	at com.liferay.headless.admin.user.internal.resource.v1_0.UserAccountResourceImpl.postUserAccount(UserAccountResourceImpl.java:1008) ~[?:?]
	at jdk.internal.reflect.NativeMethodAccessorImpl.invoke0(Native Method) ~[?:?]
	at jdk.internal.reflect.NativeMethodAccessorImpl.invoke(NativeMethodAccessorImpl.java:77) ~[?:?]
	at jdk.internal.reflect.DelegatingMethodAccessorImpl.invoke(DelegatingMethodAccessorImpl.java:43) ~[?:?]
	at java.lang.reflect.Method.invoke(Method.java:568) ~[?:?]
	at org.apache.cxf.service.invoker.AbstractInvoker.performInvocation(AbstractInvoker.java:179) ~[bundleFile:3.5.9]
	at org.apache.cxf.service.invoker.AbstractInvoker.invoke(AbstractInvoker.java:96) ~[bundleFile:3.5.9]
	at org.apache.cxf.jaxrs.JAXRSInvoker.invoke(JAXRSInvoker.java:201) [bundleFile:3.5.9]
	at org.apache.cxf.jaxrs.JAXRSInvoker.invoke(JAXRSInvoker.java:104) [bundleFile:3.5.9]
	at org.apache.cxf.interceptor.ServiceInvokerInterceptor$1.run(ServiceInvokerInterceptor.java:59) [bundleFile:3.5.9]
	at org.apache.cxf.interceptor.ServiceInvokerInterceptor.handleMessage(ServiceInvokerInterceptor.java:96) [bundleFile:3.5.9]
	at org.apache.cxf.phase.PhaseInterceptorChain.doIntercept(PhaseInterceptorChain.java:307) [bundleFile:3.5.9]
	at org.apache.cxf.transport.ChainInitiationObserver.onMessage(ChainInitiationObserver.java:121) [bundleFile:3.5.9]
	at org.apache.cxf.transport.http.AbstractHTTPDestination.invoke(AbstractHTTPDestination.java:265) [bundleFile:3.5.9]
	at org.apache.cxf.transport.servlet.ServletController.invokeDestination(ServletController.java:234) [bundleFile:3.5.9]
	at org.apache.cxf.transport.servlet.ServletController.invoke(ServletController.java:208) [bundleFile:3.5.9]
	at org.apache.cxf.transport.servlet.ServletController.invoke(ServletController.java:160) [bundleFile:3.5.9]
	at org.apache.cxf.transport.servlet.CXFNonSpringServlet.invoke(CXFNonSpringServlet.java:225) [bundleFile:3.5.9]
	at org.apache.cxf.transport.servlet.AbstractHTTPServlet.handleRequest(AbstractHTTPServlet.java:304) [bundleFile:3.5.9]
	at org.apache.cxf.transport.servlet.AbstractHTTPServlet.doPost(AbstractHTTPServlet.java:217) [bundleFile:3.5.9]
	at javax.servlet.http.HttpServlet.service(HttpServlet.java:555) [servlet-api.jar:4.0.FR]
	at org.apache.cxf.transport.servlet.AbstractHTTPServlet.service(AbstractHTTPServlet.java:279) [bundleFile:3.5.9]
	at org.eclipse.equinox.http.servlet.internal.registration.EndpointRegistration.service(EndpointRegistration.java:147) [org.eclipse.equinox.http.servlet-1.2.2.v20211118-0920.LIFERAY-PATCHED-4.jar:?]
	at org.eclipse.equinox.http.servlet.internal.servlet.FilterChainImpl.doFilter(FilterChainImpl.java:50) [org.eclipse.equinox.http.servlet-1.2.2.v20211118-0920.LIFERAY-PATCHED-4.jar:?]
	at com.liferay.portal.security.auth.verifier.internal.tracker.AuthVerifierFilterTracker$RemoteAccessFilter.doFilter(AuthVerifierFilterTracker.java:213) [bundleFile:?]
	at org.eclipse.equinox.http.servlet.internal.registration.FilterRegistration.doFilter(FilterRegistration.java:120) [org.eclipse.equinox.http.servlet-1.2.2.v20211118-0920.LIFERAY-PATCHED-4.jar:?]
	at org.eclipse.equinox.http.servlet.internal.servlet.FilterChainImpl.doFilter(FilterChainImpl.java:45) [org.eclipse.equinox.http.servlet-1.2.2.v20211118-0920.LIFERAY-PATCHED-4.jar:?]
	at com.liferay.portal.security.auth.verifier.internal.tracker.AuthVerifierFilterTracker$AuditFilter.doFilter(AuthVerifierFilterTracker.java:182) [bundleFile:?]
	at org.eclipse.equinox.http.servlet.internal.registration.FilterRegistration.doFilter(FilterRegistration.java:120) [org.eclipse.equinox.http.servlet-1.2.2.v20211118-0920.LIFERAY-PATCHED-4.jar:?]
	at org.eclipse.equinox.http.servlet.internal.servlet.FilterChainImpl.doFilter(FilterChainImpl.java:45) [org.eclipse.equinox.http.servlet-1.2.2.v20211118-0920.LIFERAY-PATCHED-4.jar:?]
	at com.liferay.portal.kernel.servlet.BaseFilter.processFilter(BaseFilter.java:152) [portal-kernel.jar:?]
	at com.liferay.portal.servlet.filters.authverifier.AuthVerifierFilter.processFilter(AuthVerifierFilter.java:203) [portal-impl.jar:?]
	at com.liferay.portal.kernel.servlet.BaseFilter.doFilter(BaseFilter.java:42) [portal-kernel.jar:?]
	at org.eclipse.equinox.http.servlet.internal.registration.FilterRegistration.doFilter(FilterRegistration.java:120) [org.eclipse.equinox.http.servlet-1.2.2.v20211118-0920.LIFERAY-PATCHED-4.jar:?]
	at org.eclipse.equinox.http.servlet.internal.servlet.FilterChainImpl.doFilter(FilterChainImpl.java:45) [org.eclipse.equinox.http.servlet-1.2.2.v20211118-0920.LIFERAY-PATCHED-4.jar:?]
	at org.eclipse.equinox.http.servlet.internal.servlet.ResponseStateHandler.processRequest(ResponseStateHandler.java:71) [org.eclipse.equinox.http.servlet-1.2.2.v20211118-0920.LIFERAY-PATCHED-4.jar:?]
	at org.eclipse.equinox.http.servlet.internal.context.DispatchTargets.doDispatch(DispatchTargets.java:120) [org.eclipse.equinox.http.servlet-1.2.2.v20211118-0920.LIFERAY-PATCHED-4.jar:?]
	at com.liferay.portal.osgi.web.http.servlet.internal.servlet.HttpServletEndpointServlet.service(HttpServletEndpointServlet.java:64) [bundleFile:?]
	at javax.servlet.http.HttpServlet.service(HttpServlet.java:623) [servlet-api.jar:4.0.FR]
	at com.liferay.portal.module.framework.ModuleFrameworkServletAdapter.service(ModuleFrameworkServletAdapter.java:45) [portal-impl.jar:?]
	at javax.servlet.http.HttpServlet.service(HttpServlet.java:623) [servlet-api.jar:4.0.FR]
	at com.liferay.shielded.container.internal.proxy.ServletWrapper.service(ServletWrapper.java:103) [com.liferay.shielded.container.impl.jar:?]
	at org.apache.catalina.core.ApplicationFilterChain.internalDoFilter(ApplicationFilterChain.java:199) [catalina.jar:9.0.98]
	at org.apache.catalina.core.ApplicationFilterChain.doFilter(ApplicationFilterChain.java:144) [catalina.jar:9.0.98]
	at org.apache.tomcat.websocket.server.WsFilter.doFilter(WsFilter.java:51) [tomcat-websocket.jar:9.0.98]
	at org.apache.catalina.core.ApplicationFilterChain.internalDoFilter(ApplicationFilterChain.java:168) [catalina.jar:9.0.98]
	at org.apache.catalina.core.ApplicationFilterChain.doFilter(ApplicationFilterChain.java:144) [catalina.jar:9.0.98]
	at com.liferay.portal.kernel.servlet.filters.invoker.InvokerFilterChain.doFilter(InvokerFilterChain.java:117) [portal-kernel.jar:?]
	at com.liferay.portal.kernel.servlet.BaseFilter.processFilter(BaseFilter.java:152) [portal-kernel.jar:?]
	at com.liferay.change.tracking.internal.servlet.filter.CTCollectionPreviewFilter.processFilter(CTCollectionPreviewFilter.java:57) [bundleFile:?]
	at com.liferay.portal.kernel.servlet.BaseFilter.doFilter(BaseFilter.java:42) [portal-kernel.jar:?]
	at com.liferay.portal.kernel.servlet.filters.invoker.InvokerFilterChain.processDoFilter(InvokerFilterChain.java:204) [portal-kernel.jar:?]
	at com.liferay.portal.kernel.servlet.filters.invoker.InvokerFilterChain.doFilter(InvokerFilterChain.java:109) [portal-kernel.jar:?]
	at com.liferay.portal.remote.cors.internal.servlet.filter.PortalCORSServletFilter.processFilter(PortalCORSServletFilter.java:159) [bundleFile:?]
	at com.liferay.portal.kernel.servlet.BaseFilter.doFilter(BaseFilter.java:42) [portal-kernel.jar:?]
	at com.liferay.portal.kernel.servlet.filters.invoker.InvokerFilterChain.processDoFilter(InvokerFilterChain.java:204) [portal-kernel.jar:?]
	at com.liferay.portal.kernel.servlet.filters.invoker.InvokerFilterChain.doFilter(InvokerFilterChain.java:109) [portal-kernel.jar:?]
	at com.liferay.portal.servlet.filters.password.modified.PasswordModifiedFilter.processFilter(PasswordModifiedFilter.java:47) [portal-impl.jar:?]
	at com.liferay.portal.kernel.servlet.BaseFilter.doFilter(BaseFilter.java:42) [portal-kernel.jar:?]
	at com.liferay.portal.kernel.servlet.filters.invoker.InvokerFilterChain.processDoFilter(InvokerFilterChain.java:204) [portal-kernel.jar:?]
	at com.liferay.portal.kernel.servlet.filters.invoker.InvokerFilterChain.doFilter(InvokerFilterChain.java:109) [portal-kernel.jar:?]
	at com.liferay.portal.servlet.filters.lockout.LockoutFilter.processFilter(LockoutFilter.java:49) [portal-impl.jar:?]
	at com.liferay.portal.kernel.servlet.BaseFilter.doFilter(BaseFilter.java:42) [portal-kernel.jar:?]
	at com.liferay.portal.kernel.servlet.filters.invoker.InvokerFilterChain.processDoFilter(InvokerFilterChain.java:204) [portal-kernel.jar:?]
	at com.liferay.portal.kernel.servlet.filters.invoker.InvokerFilterChain.doFilter(InvokerFilterChain.java:109) [portal-kernel.jar:?]
	at com.liferay.portal.kernel.servlet.BaseFilter.processFilter(BaseFilter.java:152) [portal-kernel.jar:?]
	at com.liferay.portal.servlet.filters.virtualhost.VirtualHostFilter.processFilter(VirtualHostFilter.java:243) [portal-impl.jar:?]
	at com.liferay.portal.kernel.servlet.BaseFilter.doFilter(BaseFilter.java:42) [portal-kernel.jar:?]
	at com.liferay.portal.kernel.servlet.filters.invoker.InvokerFilterChain.processDoFilter(InvokerFilterChain.java:204) [portal-kernel.jar:?]
	at com.liferay.portal.kernel.servlet.filters.invoker.InvokerFilterChain.doFilter(InvokerFilterChain.java:109) [portal-kernel.jar:?]
	at com.liferay.portal.kernel.servlet.filters.invoker.InvokerFilterChain.processDirectCallFilter(InvokerFilterChain.java:189) [portal-kernel.jar:?]
	at com.liferay.portal.kernel.servlet.filters.invoker.InvokerFilterChain.doFilter(InvokerFilterChain.java:92) [portal-kernel.jar:?]
	at com.liferay.portal.kernel.servlet.filters.invoker.InvokerFilterChain.processDirectCallFilter(InvokerFilterChain.java:189) [portal-kernel.jar:?]
	at com.liferay.portal.kernel.servlet.filters.invoker.InvokerFilterChain.doFilter(InvokerFilterChain.java:92) [portal-kernel.jar:?]
	at com.liferay.portal.kernel.servlet.filters.invoker.InvokerFilterChain.processDirectCallFilter(InvokerFilterChain.java:168) [portal-kernel.jar:?]
	at com.liferay.portal.kernel.servlet.filters.invoker.InvokerFilterChain.doFilter(InvokerFilterChain.java:92) [portal-kernel.jar:?]
	at com.liferay.portal.kernel.servlet.filters.invoker.InvokerFilterChain.processDirectCallFilter(InvokerFilterChain.java:189) [portal-kernel.jar:?]
	at com.liferay.portal.kernel.servlet.filters.invoker.InvokerFilterChain.doFilter(InvokerFilterChain.java:92) [portal-kernel.jar:?]
	at com.liferay.portal.kernel.servlet.filters.invoker.InvokerFilter.doFilter(InvokerFilter.java:114) [portal-kernel.jar:?]
	at com.liferay.shielded.container.internal.proxy.FilterWrapper.doFilter(FilterWrapper.java:69) [com.liferay.shielded.container.impl.jar:?]
	at org.apache.catalina.core.ApplicationFilterChain.internalDoFilter(ApplicationFilterChain.java:168) [catalina.jar:9.0.98]
	at org.apache.catalina.core.ApplicationFilterChain.doFilter(ApplicationFilterChain.java:144) [catalina.jar:9.0.98]
	at org.apache.catalina.core.StandardWrapperValve.invoke(StandardWrapperValve.java:168) [catalina.jar:9.0.98]
	at org.apache.catalina.core.StandardContextValve.invoke(StandardContextValve.java:90) [catalina.jar:9.0.98]
	at org.apache.catalina.authenticator.AuthenticatorBase.invoke(AuthenticatorBase.java:482) [catalina.jar:9.0.98]
	at org.apache.catalina.core.StandardHostValve.invoke(StandardHostValve.java:130) [catalina.jar:9.0.98]
	at org.apache.catalina.valves.ErrorReportValve.invoke(ErrorReportValve.java:93) [catalina.jar:9.0.98]
	at org.apache.catalina.core.StandardEngineValve.invoke(StandardEngineValve.java:74) [catalina.jar:9.0.98]
	at org.apache.catalina.connector.CoyoteAdapter.service(CoyoteAdapter.java:346) [catalina.jar:9.0.98]
	at org.apache.coyote.http11.Http11Processor.service(Http11Processor.java:396) [tomcat-coyote.jar:9.0.98]
	at org.apache.coyote.AbstractProcessorLight.process(AbstractProcessorLight.java:63) [tomcat-coyote.jar:9.0.98]
	at org.apache.coyote.AbstractProtocol$ConnectionHandler.process(AbstractProtocol.java:937) [tomcat-coyote.jar:9.0.98]
	at org.apache.tomcat.util.net.NioEndpoint$SocketProcessor.doRun(NioEndpoint.java:1791) [tomcat-coyote.jar:9.0.98]
	at org.apache.tomcat.util.net.SocketProcessorBase.run(SocketProcessorBase.java:52) [tomcat-coyote.jar:9.0.98]
	at org.apache.tomcat.util.threads.ThreadPoolExecutor.runWorker(ThreadPoolExecutor.java:1190) [tomcat-util.jar:9.0.98]
	at org.apache.tomcat.util.threads.ThreadPoolExecutor$Worker.run(ThreadPoolExecutor.java:659) [tomcat-util.jar:9.0.98]
	at org.apache.tomcat.util.threads.TaskThread$WrappingRunnable.run(TaskThread.java:63) [tomcat-util.jar:9.0.98]
	at java.lang.Thread.run(Thread.java:842) [?:?]
2025-04-18 23:02:05.130 INFO  [main][PortalContextLoaderListener:114] JVM arguments: --add-opens=java.base/java.lang=ALL-UNNAMED --add-opens=java.base/java.lang.invoke=ALL-UNNAMED --add-opens=java.base/java.lang.reflect=ALL-UNNAMED --add-opens=java.base/java.net=ALL-UNNAMED --add-opens=java.base/sun.net.www.protocol.http=ALL-UNNAMED --add-opens=java.base/sun.net.www.protocol.https=ALL-UNNAMED --add-opens=java.base/sun.util.calendar=ALL-UNNAMED --add-opens=jdk.zipfs/jdk.nio.zipfs=ALL-UNNAMED --add-opens=java.base/java.lang=ALL-UNNAMED --add-opens=java.base/java.io=ALL-UNNAMED --add-opens=java.base/java.util=ALL-UNNAMED --add-opens=java.base/java.util.concurrent=ALL-UNNAMED --add-opens=java.rmi/sun.rmi.transport=ALL-UNNAMED -Djava.util.logging.config.file=D:\UOC\MasterLlocsWeb\TFM\liferay-portal\tomcat\conf\logging.properties -Djava.util.logging.manager=org.apache.juli.ClassLoaderLogManager -Djdk.tls.ephemeralDHKeySize=2048 -Djava.protocol.handler.pkgs=org.apache.catalina.webresources -Dfile.encoding=UTF-8 -Djava.net.preferIPv4Stack=true -Duser.timezone=GMT -Xms2560m -Xmx2560m -XX:MaxNewSize=1536m -XX:MaxMetaspaceSize=768m -XX:MetaspaceSize=768m -XX:NewSize=1536m -XX:SurvivorRatio=7 -Dignore.endorsed.dirs= -Dcatalina.base=D:\UOC\MasterLlocsWeb\TFM\liferay-portal\tomcat -Dcatalina.home=D:\UOC\MasterLlocsWeb\TFM\liferay-portal\tomcat -Djava.io.tmpdir=D:\UOC\MasterLlocsWeb\TFM\liferay-portal\tomcat\temp
2025-04-18 23:02:05.618 INFO  [SystemExecutorServiceUtil-1][DataSourceFactoryImpl:439] Rewrite JDBC URL from jdbc:mysql://localhost/kefaihub to jdbc:mysql://localhost/kefaihub?cachePrepStmts=true&characterEncoding=UTF-8&dontTrackOpenResources=true&holdResultsOpenOverStatementClose=true&prepStmtCacheSize=1000&prepStmtCacheSqlLimit=2048&rewriteBatchedStatements=true&serverTimezone=GMT&useFastDateParsing=false&useLocalSessionState=true&useLocalTransactionState=true&useUnicode=true
2025-04-18 23:02:06.514 INFO  [SystemExecutorServiceUtil-1][DialectDetector:134] Using dialect org.hibernate.dialect.MySQL8Dialect for MySQL 8.0
2025-04-18 23:02:07.485 INFO  [main][ModuleFrameworkImpl:1355] Starting initial bundles
2025-04-18 23:02:08.245 INFO  [main][InterpolationConfigurationPlugin:109] Configured directory for secrets: D:/UOC/MasterLlocsWeb/TFM/liferay-portal/osgi/configs
2025-04-18 23:02:08.410 INFO  [main][ModuleFrameworkImpl:1645] Started initial bundles
2025-04-18 23:02:08.410 INFO  [main][ModuleFrameworkImpl:1690] Starting dynamic bundles
2025-04-18 23:02:09.147 WARN  [Start Level: Equinox Container: 4e2be5f5-dadc-49a5-bff0-3b121ef57d46][SidecarManager:70] Liferay automatically starts a child process of Elasticsearch named sidecar for convenient development and demonstration purposes. Do NOT use sidecar in production. Refer to the documentation for details on the limitations of sidecar and instructions on configuring a remote Elasticsearch connection in the Control Panel.
2025-04-18 23:02:11.092 INFO  [main][ModuleFrameworkImpl:1713] Started dynamic bundles
2025-04-18 23:02:11.093 INFO  [main][ModuleFrameworkImpl:1720] Starting web bundles
2025-04-18 23:02:11.923 INFO  [main][ModuleFrameworkImpl:1774] Started web bundles
2025-04-18 23:02:11.924 INFO  [main][ModuleFrameworkImpl:283] Navigate to Control Panel > System > Gogo Shell and enter "lb" to see all bundles
2025-04-18 23:02:13.363 INFO  [main][StartupHelperUtil:100] There are no patches installed
2025-04-18 23:02:13.968 INFO  [main][AutoDeployDir:152] Auto deploy scanner started for D:\UOC\MasterLlocsWeb\TFM\liferay-portal\deploy
2025-04-18 23:02:17.906 INFO  [SystemExecutorServiceUtil-2][Sidecar:100] Sidecar Elasticsearch 7.17.26 liferay_sidecar started at 127.0.0.1:9201
2025-04-18 23:02:22.305 INFO  [fileinstall-directory-watcher][BaseAutoDeployListener:34] Copying themes for D:\UOC\MasterLlocsWeb\TFM\liferay-portal\tomcat\temp\20250418230222052QVXCDYZP\admin-theme.war
2025-04-18 23:02:24.675 INFO  [fileinstall-directory-watcher][BaseAutoDeployListener:41] Themes for D:\UOC\MasterLlocsWeb\TFM\liferay-portal\tomcat\temp\20250418230222052QVXCDYZP\admin-theme.war copied successfully
2025-04-18 23:02:26.942 INFO  [fileinstall-directory-watcher][BaseAutoDeployListener:34] Copying themes for D:\UOC\MasterLlocsWeb\TFM\liferay-portal\tomcat\temp\20250418230226579MMBULENI\classic-theme.war
2025-04-18 23:02:30.829 INFO  [fileinstall-directory-watcher][BaseAutoDeployListener:41] Themes for D:\UOC\MasterLlocsWeb\TFM\liferay-portal\tomcat\temp\20250418230226579MMBULENI\classic-theme.war copied successfully
2025-04-18 23:02:33.187 INFO  [fileinstall-directory-watcher][BaseAutoDeployListener:34] Copying themes for D:\UOC\MasterLlocsWeb\TFM\liferay-portal\tomcat\temp\20250418230232923ECLGQRRA\dialect-theme.war
2025-04-18 23:02:35.467 INFO  [fileinstall-directory-watcher][BaseAutoDeployListener:41] Themes for D:\UOC\MasterLlocsWeb\TFM\liferay-portal\tomcat\temp\20250418230232923ECLGQRRA\dialect-theme.war copied successfully
2025-04-18 23:02:36.516 INFO  [fileinstall-directory-watcher][BaseAutoDeployListener:34] Copying themes for D:\UOC\MasterLlocsWeb\TFM\liferay-portal\tomcat\temp\20250418230236461AHHZSCKY\minium-theme.war
2025-04-18 23:02:38.826 INFO  [fileinstall-directory-watcher][BaseAutoDeployListener:41] Themes for D:\UOC\MasterLlocsWeb\TFM\liferay-portal\tomcat\temp\20250418230236461AHHZSCKY\minium-theme.war copied successfully
2025-04-18 23:02:40.198 INFO  [fileinstall-directory-watcher][BaseAutoDeployListener:34] Copying themes for D:\UOC\MasterLlocsWeb\TFM\liferay-portal\tomcat\temp\20250418230240163BNVWKMHQ\speedwell-theme.war
2025-04-18 23:02:41.788 INFO  [fileinstall-directory-watcher][BaseAutoDeployListener:41] Themes for D:\UOC\MasterLlocsWeb\TFM\liferay-portal\tomcat\temp\20250418230240163BNVWKMHQ\speedwell-theme.war copied successfully
2025-04-18 23:06:19.173 WARN  [http-nio-8080-exec-5][extend_session_jsp:593] Unable to extend the HTTP session
2025-04-18 23:07:54.297 ERROR [http-nio-8080-exec-7][LiferayResourceOwnerLoginHandler:97] Email address must not be null
com.liferay.portal.kernel.exception.UserEmailAddressException$MustNotBeNull: Email address must not be null
	at com.liferay.portal.service.impl.UserLocalServiceImpl.authenticate(UserLocalServiceImpl.java:6015) ~[portal-impl.jar:?]
	at com.liferay.portal.service.impl.UserLocalServiceImpl.authenticateByEmailAddress(UserLocalServiceImpl.java:1570) ~[portal-impl.jar:?]
	at jdk.internal.reflect.GeneratedMethodAccessor687.invoke(Unknown Source) ~[?:?]
	at jdk.internal.reflect.DelegatingMethodAccessorImpl.invoke(DelegatingMethodAccessorImpl.java:43) ~[?:?]
	at java.lang.reflect.Method.invoke(Method.java:568) ~[?:?]
	at com.liferay.portal.kernel.bean.ClassLoaderBeanHandler.invoke(ClassLoaderBeanHandler.java:60) ~[portal-kernel.jar:?]
	at jdk.proxy376.$Proxy1245.authenticateByEmailAddress(Unknown Source) ~[?:?]
	at com.liferay.portal.kernel.service.UserLocalServiceWrapper.authenticateByEmailAddress(UserLocalServiceWrapper.java:471) ~[portal-kernel.jar:?]
	at jdk.internal.reflect.GeneratedMethodAccessor687.invoke(Unknown Source) ~[?:?]
	at jdk.internal.reflect.DelegatingMethodAccessorImpl.invoke(DelegatingMethodAccessorImpl.java:43) ~[?:?]
	at java.lang.reflect.Method.invoke(Method.java:568) ~[?:?]
	at com.liferay.portal.kernel.bean.ClassLoaderBeanHandler.invoke(ClassLoaderBeanHandler.java:60) ~[portal-kernel.jar:?]
	at jdk.proxy377.$Proxy1246.authenticateByEmailAddress(Unknown Source) ~[?:?]
	at jdk.internal.reflect.GeneratedMethodAccessor687.invoke(Unknown Source) ~[?:?]
	at jdk.internal.reflect.DelegatingMethodAccessorImpl.invoke(DelegatingMethodAccessorImpl.java:43) ~[?:?]
	at java.lang.reflect.Method.invoke(Method.java:568) ~[?:?]
	at com.liferay.portal.spring.aop.AopMethodInvocationImpl.proceed(AopMethodInvocationImpl.java:41) ~[portal-impl.jar:?]
	at com.liferay.portal.spring.transaction.TransactionInterceptor.invoke(TransactionInterceptor.java:60) ~[portal-impl.jar:?]
	at com.liferay.portal.spring.aop.AopMethodInvocationImpl.proceed(AopMethodInvocationImpl.java:48) ~[portal-impl.jar:?]
	at com.liferay.portal.spring.aop.AopInvocationHandler.invoke(AopInvocationHandler.java:40) ~[portal-impl.jar:?]
	at jdk.proxy3.$Proxy118.authenticateByEmailAddress(Unknown Source) ~[?:?]
	at com.liferay.oauth2.provider.rest.internal.endpoint.liferay.LiferayResourceOwnerLoginHandler._authenticateUser(LiferayResourceOwnerLoginHandler.java:81) [bundleFile:?]
	at com.liferay.oauth2.provider.rest.internal.endpoint.liferay.LiferayResourceOwnerLoginHandler.createSubject(LiferayResourceOwnerLoginHandler.java:45) [bundleFile:?]
	at com.liferay.oauth2.provider.rest.internal.endpoint.access.token.grant.handler.LiferayResourceOwnerAccessTokenGrantHandler.hasPermission(LiferayResourceOwnerAccessTokenGrantHandler.java:92) [bundleFile:?]
	at com.liferay.oauth2.provider.rest.internal.endpoint.access.token.grant.handler.BaseAccessTokenGrantHandler.createAccessToken(BaseAccessTokenGrantHandler.java:48) [bundleFile:?]
	at org.apache.cxf.rs.security.oauth2.services.AccessTokenService.handleTokenRequest(AccessTokenService.java:124) [bundleFile:?]
	at com.liferay.oauth2.provider.rest.internal.endpoint.access.token.LiferayAccessTokenService.handleTokenRequest(LiferayAccessTokenService.java:47) [bundleFile:?]
	at jdk.internal.reflect.NativeMethodAccessorImpl.invoke0(Native Method) ~[?:?]
	at jdk.internal.reflect.NativeMethodAccessorImpl.invoke(NativeMethodAccessorImpl.java:77) ~[?:?]
	at jdk.internal.reflect.DelegatingMethodAccessorImpl.invoke(DelegatingMethodAccessorImpl.java:43) ~[?:?]
	at java.lang.reflect.Method.invoke(Method.java:568) ~[?:?]
	at org.apache.cxf.service.invoker.AbstractInvoker.performInvocation(AbstractInvoker.java:179) [bundleFile:3.5.9]
	at org.apache.cxf.service.invoker.AbstractInvoker.invoke(AbstractInvoker.java:96) [bundleFile:3.5.9]
	at org.apache.cxf.jaxrs.JAXRSInvoker.invoke(JAXRSInvoker.java:201) [bundleFile:3.5.9]
	at org.apache.cxf.jaxrs.JAXRSInvoker.invoke(JAXRSInvoker.java:104) [bundleFile:3.5.9]
	at org.apache.cxf.interceptor.ServiceInvokerInterceptor$1.run(ServiceInvokerInterceptor.java:59) [bundleFile:3.5.9]
	at org.apache.cxf.interceptor.ServiceInvokerInterceptor.handleMessage(ServiceInvokerInterceptor.java:96) [bundleFile:3.5.9]
	at org.apache.cxf.phase.PhaseInterceptorChain.doIntercept(PhaseInterceptorChain.java:307) [bundleFile:3.5.9]
	at org.apache.cxf.transport.ChainInitiationObserver.onMessage(ChainInitiationObserver.java:121) [bundleFile:3.5.9]
	at org.apache.cxf.transport.http.AbstractHTTPDestination.invoke(AbstractHTTPDestination.java:265) [bundleFile:3.5.9]
	at org.apache.cxf.transport.servlet.ServletController.invokeDestination(ServletController.java:234) [bundleFile:3.5.9]
	at org.apache.cxf.transport.servlet.ServletController.invoke(ServletController.java:208) [bundleFile:3.5.9]
	at org.apache.cxf.transport.servlet.ServletController.invoke(ServletController.java:160) [bundleFile:3.5.9]
	at org.apache.cxf.transport.servlet.CXFNonSpringServlet.invoke(CXFNonSpringServlet.java:225) [bundleFile:3.5.9]
	at org.apache.cxf.transport.servlet.AbstractHTTPServlet.handleRequest(AbstractHTTPServlet.java:304) [bundleFile:3.5.9]
	at org.apache.cxf.transport.servlet.AbstractHTTPServlet.doPost(AbstractHTTPServlet.java:217) [bundleFile:3.5.9]
	at javax.servlet.http.HttpServlet.service(HttpServlet.java:555) [servlet-api.jar:4.0.FR]
	at org.apache.cxf.transport.servlet.AbstractHTTPServlet.service(AbstractHTTPServlet.java:279) [bundleFile:3.5.9]
	at org.eclipse.equinox.http.servlet.internal.registration.EndpointRegistration.service(EndpointRegistration.java:147) [org.eclipse.equinox.http.servlet-1.2.2.v20211118-0920.LIFERAY-PATCHED-4.jar:?]
	at org.eclipse.equinox.http.servlet.internal.servlet.ResponseStateHandler.processRequest(ResponseStateHandler.java:63) [org.eclipse.equinox.http.servlet-1.2.2.v20211118-0920.LIFERAY-PATCHED-4.jar:?]
	at org.eclipse.equinox.http.servlet.internal.context.DispatchTargets.doDispatch(DispatchTargets.java:120) [org.eclipse.equinox.http.servlet-1.2.2.v20211118-0920.LIFERAY-PATCHED-4.jar:?]
	at com.liferay.portal.osgi.web.http.servlet.internal.servlet.HttpServletEndpointServlet.service(HttpServletEndpointServlet.java:64) [bundleFile:?]
	at javax.servlet.http.HttpServlet.service(HttpServlet.java:623) [servlet-api.jar:4.0.FR]
	at com.liferay.portal.module.framework.ModuleFrameworkServletAdapter.service(ModuleFrameworkServletAdapter.java:45) [portal-impl.jar:?]
	at javax.servlet.http.HttpServlet.service(HttpServlet.java:623) [servlet-api.jar:4.0.FR]
	at com.liferay.shielded.container.internal.proxy.ServletWrapper.service(ServletWrapper.java:103) [com.liferay.shielded.container.impl.jar:?]
	at org.apache.catalina.core.ApplicationFilterChain.internalDoFilter(ApplicationFilterChain.java:199) [catalina.jar:9.0.98]
	at org.apache.catalina.core.ApplicationFilterChain.doFilter(ApplicationFilterChain.java:144) [catalina.jar:9.0.98]
	at org.apache.tomcat.websocket.server.WsFilter.doFilter(WsFilter.java:51) [tomcat-websocket.jar:9.0.98]
	at org.apache.catalina.core.ApplicationFilterChain.internalDoFilter(ApplicationFilterChain.java:168) [catalina.jar:9.0.98]
	at org.apache.catalina.core.ApplicationFilterChain.doFilter(ApplicationFilterChain.java:144) [catalina.jar:9.0.98]
	at com.liferay.portal.kernel.servlet.filters.invoker.InvokerFilterChain.doFilter(InvokerFilterChain.java:117) [portal-kernel.jar:?]
	at com.liferay.portal.kernel.servlet.BaseFilter.processFilter(BaseFilter.java:152) [portal-kernel.jar:?]
	at com.liferay.change.tracking.internal.servlet.filter.CTCollectionPreviewFilter.processFilter(CTCollectionPreviewFilter.java:57) [bundleFile:?]
	at com.liferay.portal.kernel.servlet.BaseFilter.doFilter(BaseFilter.java:42) [portal-kernel.jar:?]
	at com.liferay.portal.kernel.servlet.filters.invoker.InvokerFilterChain.processDoFilter(InvokerFilterChain.java:204) [portal-kernel.jar:?]
	at com.liferay.portal.kernel.servlet.filters.invoker.InvokerFilterChain.doFilter(InvokerFilterChain.java:109) [portal-kernel.jar:?]
	at com.liferay.portal.remote.cors.internal.servlet.filter.PortalCORSServletFilter.processFilter(PortalCORSServletFilter.java:159) [bundleFile:?]
	at com.liferay.portal.kernel.servlet.BaseFilter.doFilter(BaseFilter.java:42) [portal-kernel.jar:?]
	at com.liferay.portal.kernel.servlet.filters.invoker.InvokerFilterChain.processDoFilter(InvokerFilterChain.java:204) [portal-kernel.jar:?]
	at com.liferay.portal.kernel.servlet.filters.invoker.InvokerFilterChain.doFilter(InvokerFilterChain.java:109) [portal-kernel.jar:?]
	at com.liferay.portal.servlet.filters.password.modified.PasswordModifiedFilter.processFilter(PasswordModifiedFilter.java:47) [portal-impl.jar:?]
	at com.liferay.portal.kernel.servlet.BaseFilter.doFilter(BaseFilter.java:42) [portal-kernel.jar:?]
	at com.liferay.portal.kernel.servlet.filters.invoker.InvokerFilterChain.processDoFilter(InvokerFilterChain.java:204) [portal-kernel.jar:?]
	at com.liferay.portal.kernel.servlet.filters.invoker.InvokerFilterChain.doFilter(InvokerFilterChain.java:109) [portal-kernel.jar:?]
	at com.liferay.portal.servlet.filters.lockout.LockoutFilter.processFilter(LockoutFilter.java:49) [portal-impl.jar:?]
	at com.liferay.portal.kernel.servlet.BaseFilter.doFilter(BaseFilter.java:42) [portal-kernel.jar:?]
	at com.liferay.portal.kernel.servlet.filters.invoker.InvokerFilterChain.processDoFilter(InvokerFilterChain.java:204) [portal-kernel.jar:?]
	at com.liferay.portal.kernel.servlet.filters.invoker.InvokerFilterChain.doFilter(InvokerFilterChain.java:109) [portal-kernel.jar:?]
	at com.liferay.portal.kernel.servlet.BaseFilter.processFilter(BaseFilter.java:152) [portal-kernel.jar:?]
	at com.liferay.portal.servlet.filters.virtualhost.VirtualHostFilter.processFilter(VirtualHostFilter.java:243) [portal-impl.jar:?]
	at com.liferay.portal.kernel.servlet.BaseFilter.doFilter(BaseFilter.java:42) [portal-kernel.jar:?]
	at com.liferay.portal.kernel.servlet.filters.invoker.InvokerFilterChain.processDoFilter(InvokerFilterChain.java:204) [portal-kernel.jar:?]
	at com.liferay.portal.kernel.servlet.filters.invoker.InvokerFilterChain.doFilter(InvokerFilterChain.java:109) [portal-kernel.jar:?]
	at com.liferay.portal.kernel.servlet.filters.invoker.InvokerFilterChain.processDirectCallFilter(InvokerFilterChain.java:189) [portal-kernel.jar:?]
	at com.liferay.portal.kernel.servlet.filters.invoker.InvokerFilterChain.doFilter(InvokerFilterChain.java:92) [portal-kernel.jar:?]
	at com.liferay.portal.kernel.servlet.filters.invoker.InvokerFilterChain.processDirectCallFilter(InvokerFilterChain.java:189) [portal-kernel.jar:?]
	at com.liferay.portal.kernel.servlet.filters.invoker.InvokerFilterChain.doFilter(InvokerFilterChain.java:92) [portal-kernel.jar:?]
	at com.liferay.portal.kernel.servlet.filters.invoker.InvokerFilterChain.processDirectCallFilter(InvokerFilterChain.java:168) [portal-kernel.jar:?]
	at com.liferay.portal.kernel.servlet.filters.invoker.InvokerFilterChain.doFilter(InvokerFilterChain.java:92) [portal-kernel.jar:?]
	at com.liferay.portal.kernel.servlet.filters.invoker.InvokerFilterChain.processDirectCallFilter(InvokerFilterChain.java:189) [portal-kernel.jar:?]
	at com.liferay.portal.kernel.servlet.filters.invoker.InvokerFilterChain.doFilter(InvokerFilterChain.java:92) [portal-kernel.jar:?]
	at com.liferay.portal.kernel.servlet.filters.invoker.InvokerFilter.doFilter(InvokerFilter.java:114) [portal-kernel.jar:?]
	at com.liferay.shielded.container.internal.proxy.FilterWrapper.doFilter(FilterWrapper.java:69) [com.liferay.shielded.container.impl.jar:?]
	at org.apache.catalina.core.ApplicationFilterChain.internalDoFilter(ApplicationFilterChain.java:168) [catalina.jar:9.0.98]
	at org.apache.catalina.core.ApplicationFilterChain.doFilter(ApplicationFilterChain.java:144) [catalina.jar:9.0.98]
	at org.apache.catalina.core.StandardWrapperValve.invoke(StandardWrapperValve.java:168) [catalina.jar:9.0.98]
	at org.apache.catalina.core.StandardContextValve.invoke(StandardContextValve.java:90) [catalina.jar:9.0.98]
	at org.apache.catalina.authenticator.AuthenticatorBase.invoke(AuthenticatorBase.java:482) [catalina.jar:9.0.98]
	at org.apache.catalina.core.StandardHostValve.invoke(StandardHostValve.java:130) [catalina.jar:9.0.98]
	at org.apache.catalina.valves.ErrorReportValve.invoke(ErrorReportValve.java:93) [catalina.jar:9.0.98]
	at org.apache.catalina.core.StandardEngineValve.invoke(StandardEngineValve.java:74) [catalina.jar:9.0.98]
	at org.apache.catalina.connector.CoyoteAdapter.service(CoyoteAdapter.java:346) [catalina.jar:9.0.98]
	at org.apache.coyote.http11.Http11Processor.service(Http11Processor.java:396) [tomcat-coyote.jar:9.0.98]
	at org.apache.coyote.AbstractProcessorLight.process(AbstractProcessorLight.java:63) [tomcat-coyote.jar:9.0.98]
	at org.apache.coyote.AbstractProtocol$ConnectionHandler.process(AbstractProtocol.java:937) [tomcat-coyote.jar:9.0.98]
	at org.apache.tomcat.util.net.NioEndpoint$SocketProcessor.doRun(NioEndpoint.java:1791) [tomcat-coyote.jar:9.0.98]
	at org.apache.tomcat.util.net.SocketProcessorBase.run(SocketProcessorBase.java:52) [tomcat-coyote.jar:9.0.98]
	at org.apache.tomcat.util.threads.ThreadPoolExecutor.runWorker(ThreadPoolExecutor.java:1190) [tomcat-util.jar:9.0.98]
	at org.apache.tomcat.util.threads.ThreadPoolExecutor$Worker.run(ThreadPoolExecutor.java:659) [tomcat-util.jar:9.0.98]
	at org.apache.tomcat.util.threads.TaskThread$WrappingRunnable.run(TaskThread.java:63) [tomcat-util.jar:9.0.98]
	at java.lang.Thread.run(Thread.java:842) [?:?]
2025-04-18 23:08:51.395 ERROR [http-nio-8080-exec-6][LiferayResourceOwnerLoginHandler:97] Email address must not be null
com.liferay.portal.kernel.exception.UserEmailAddressException$MustNotBeNull: Email address must not be null
	at com.liferay.portal.service.impl.UserLocalServiceImpl.authenticate(UserLocalServiceImpl.java:6015) ~[portal-impl.jar:?]
	at com.liferay.portal.service.impl.UserLocalServiceImpl.authenticateByEmailAddress(UserLocalServiceImpl.java:1570) ~[portal-impl.jar:?]
	at jdk.internal.reflect.GeneratedMethodAccessor687.invoke(Unknown Source) ~[?:?]
	at jdk.internal.reflect.DelegatingMethodAccessorImpl.invoke(DelegatingMethodAccessorImpl.java:43) ~[?:?]
	at java.lang.reflect.Method.invoke(Method.java:568) ~[?:?]
	at com.liferay.portal.kernel.bean.ClassLoaderBeanHandler.invoke(ClassLoaderBeanHandler.java:60) ~[portal-kernel.jar:?]
	at jdk.proxy376.$Proxy1245.authenticateByEmailAddress(Unknown Source) ~[?:?]
	at com.liferay.portal.kernel.service.UserLocalServiceWrapper.authenticateByEmailAddress(UserLocalServiceWrapper.java:471) ~[portal-kernel.jar:?]
	at jdk.internal.reflect.GeneratedMethodAccessor687.invoke(Unknown Source) ~[?:?]
	at jdk.internal.reflect.DelegatingMethodAccessorImpl.invoke(DelegatingMethodAccessorImpl.java:43) ~[?:?]
	at java.lang.reflect.Method.invoke(Method.java:568) ~[?:?]
	at com.liferay.portal.kernel.bean.ClassLoaderBeanHandler.invoke(ClassLoaderBeanHandler.java:60) ~[portal-kernel.jar:?]
	at jdk.proxy377.$Proxy1246.authenticateByEmailAddress(Unknown Source) ~[?:?]
	at jdk.internal.reflect.GeneratedMethodAccessor687.invoke(Unknown Source) ~[?:?]
	at jdk.internal.reflect.DelegatingMethodAccessorImpl.invoke(DelegatingMethodAccessorImpl.java:43) ~[?:?]
	at java.lang.reflect.Method.invoke(Method.java:568) ~[?:?]
	at com.liferay.portal.spring.aop.AopMethodInvocationImpl.proceed(AopMethodInvocationImpl.java:41) ~[portal-impl.jar:?]
	at com.liferay.portal.spring.transaction.TransactionInterceptor.invoke(TransactionInterceptor.java:60) ~[portal-impl.jar:?]
	at com.liferay.portal.spring.aop.AopMethodInvocationImpl.proceed(AopMethodInvocationImpl.java:48) ~[portal-impl.jar:?]
	at com.liferay.portal.spring.aop.AopInvocationHandler.invoke(AopInvocationHandler.java:40) ~[portal-impl.jar:?]
	at jdk.proxy3.$Proxy118.authenticateByEmailAddress(Unknown Source) ~[?:?]
	at com.liferay.oauth2.provider.rest.internal.endpoint.liferay.LiferayResourceOwnerLoginHandler._authenticateUser(LiferayResourceOwnerLoginHandler.java:81) [bundleFile:?]
	at com.liferay.oauth2.provider.rest.internal.endpoint.liferay.LiferayResourceOwnerLoginHandler.createSubject(LiferayResourceOwnerLoginHandler.java:45) [bundleFile:?]
	at com.liferay.oauth2.provider.rest.internal.endpoint.access.token.grant.handler.LiferayResourceOwnerAccessTokenGrantHandler.hasPermission(LiferayResourceOwnerAccessTokenGrantHandler.java:92) [bundleFile:?]
	at com.liferay.oauth2.provider.rest.internal.endpoint.access.token.grant.handler.BaseAccessTokenGrantHandler.createAccessToken(BaseAccessTokenGrantHandler.java:48) [bundleFile:?]
	at org.apache.cxf.rs.security.oauth2.services.AccessTokenService.handleTokenRequest(AccessTokenService.java:124) [bundleFile:?]
	at com.liferay.oauth2.provider.rest.internal.endpoint.access.token.LiferayAccessTokenService.handleTokenRequest(LiferayAccessTokenService.java:47) [bundleFile:?]
	at jdk.internal.reflect.NativeMethodAccessorImpl.invoke0(Native Method) ~[?:?]
	at jdk.internal.reflect.NativeMethodAccessorImpl.invoke(NativeMethodAccessorImpl.java:77) ~[?:?]
	at jdk.internal.reflect.DelegatingMethodAccessorImpl.invoke(DelegatingMethodAccessorImpl.java:43) ~[?:?]
	at java.lang.reflect.Method.invoke(Method.java:568) ~[?:?]
	at org.apache.cxf.service.invoker.AbstractInvoker.performInvocation(AbstractInvoker.java:179) [bundleFile:3.5.9]
	at org.apache.cxf.service.invoker.AbstractInvoker.invoke(AbstractInvoker.java:96) [bundleFile:3.5.9]
	at org.apache.cxf.jaxrs.JAXRSInvoker.invoke(JAXRSInvoker.java:201) [bundleFile:3.5.9]
	at org.apache.cxf.jaxrs.JAXRSInvoker.invoke(JAXRSInvoker.java:104) [bundleFile:3.5.9]
	at org.apache.cxf.interceptor.ServiceInvokerInterceptor$1.run(ServiceInvokerInterceptor.java:59) [bundleFile:3.5.9]
	at org.apache.cxf.interceptor.ServiceInvokerInterceptor.handleMessage(ServiceInvokerInterceptor.java:96) [bundleFile:3.5.9]
	at org.apache.cxf.phase.PhaseInterceptorChain.doIntercept(PhaseInterceptorChain.java:307) [bundleFile:3.5.9]
	at org.apache.cxf.transport.ChainInitiationObserver.onMessage(ChainInitiationObserver.java:121) [bundleFile:3.5.9]
	at org.apache.cxf.transport.http.AbstractHTTPDestination.invoke(AbstractHTTPDestination.java:265) [bundleFile:3.5.9]
	at org.apache.cxf.transport.servlet.ServletController.invokeDestination(ServletController.java:234) [bundleFile:3.5.9]
	at org.apache.cxf.transport.servlet.ServletController.invoke(ServletController.java:208) [bundleFile:3.5.9]
	at org.apache.cxf.transport.servlet.ServletController.invoke(ServletController.java:160) [bundleFile:3.5.9]
	at org.apache.cxf.transport.servlet.CXFNonSpringServlet.invoke(CXFNonSpringServlet.java:225) [bundleFile:3.5.9]
	at org.apache.cxf.transport.servlet.AbstractHTTPServlet.handleRequest(AbstractHTTPServlet.java:304) [bundleFile:3.5.9]
	at org.apache.cxf.transport.servlet.AbstractHTTPServlet.doPost(AbstractHTTPServlet.java:217) [bundleFile:3.5.9]
	at javax.servlet.http.HttpServlet.service(HttpServlet.java:555) [servlet-api.jar:4.0.FR]
	at org.apache.cxf.transport.servlet.AbstractHTTPServlet.service(AbstractHTTPServlet.java:279) [bundleFile:3.5.9]
	at org.eclipse.equinox.http.servlet.internal.registration.EndpointRegistration.service(EndpointRegistration.java:147) [org.eclipse.equinox.http.servlet-1.2.2.v20211118-0920.LIFERAY-PATCHED-4.jar:?]
	at org.eclipse.equinox.http.servlet.internal.servlet.ResponseStateHandler.processRequest(ResponseStateHandler.java:63) [org.eclipse.equinox.http.servlet-1.2.2.v20211118-0920.LIFERAY-PATCHED-4.jar:?]
	at org.eclipse.equinox.http.servlet.internal.context.DispatchTargets.doDispatch(DispatchTargets.java:120) [org.eclipse.equinox.http.servlet-1.2.2.v20211118-0920.LIFERAY-PATCHED-4.jar:?]
	at com.liferay.portal.osgi.web.http.servlet.internal.servlet.HttpServletEndpointServlet.service(HttpServletEndpointServlet.java:64) [bundleFile:?]
	at javax.servlet.http.HttpServlet.service(HttpServlet.java:623) [servlet-api.jar:4.0.FR]
	at com.liferay.portal.module.framework.ModuleFrameworkServletAdapter.service(ModuleFrameworkServletAdapter.java:45) [portal-impl.jar:?]
	at javax.servlet.http.HttpServlet.service(HttpServlet.java:623) [servlet-api.jar:4.0.FR]
	at com.liferay.shielded.container.internal.proxy.ServletWrapper.service(ServletWrapper.java:103) [com.liferay.shielded.container.impl.jar:?]
	at org.apache.catalina.core.ApplicationFilterChain.internalDoFilter(ApplicationFilterChain.java:199) [catalina.jar:9.0.98]
	at org.apache.catalina.core.ApplicationFilterChain.doFilter(ApplicationFilterChain.java:144) [catalina.jar:9.0.98]
	at org.apache.tomcat.websocket.server.WsFilter.doFilter(WsFilter.java:51) [tomcat-websocket.jar:9.0.98]
	at org.apache.catalina.core.ApplicationFilterChain.internalDoFilter(ApplicationFilterChain.java:168) [catalina.jar:9.0.98]
	at org.apache.catalina.core.ApplicationFilterChain.doFilter(ApplicationFilterChain.java:144) [catalina.jar:9.0.98]
	at com.liferay.portal.kernel.servlet.filters.invoker.InvokerFilterChain.doFilter(InvokerFilterChain.java:117) [portal-kernel.jar:?]
	at com.liferay.portal.kernel.servlet.BaseFilter.processFilter(BaseFilter.java:152) [portal-kernel.jar:?]
	at com.liferay.change.tracking.internal.servlet.filter.CTCollectionPreviewFilter.processFilter(CTCollectionPreviewFilter.java:57) [bundleFile:?]
	at com.liferay.portal.kernel.servlet.BaseFilter.doFilter(BaseFilter.java:42) [portal-kernel.jar:?]
	at com.liferay.portal.kernel.servlet.filters.invoker.InvokerFilterChain.processDoFilter(InvokerFilterChain.java:204) [portal-kernel.jar:?]
	at com.liferay.portal.kernel.servlet.filters.invoker.InvokerFilterChain.doFilter(InvokerFilterChain.java:109) [portal-kernel.jar:?]
	at com.liferay.portal.remote.cors.internal.servlet.filter.PortalCORSServletFilter.processFilter(PortalCORSServletFilter.java:159) [bundleFile:?]
	at com.liferay.portal.kernel.servlet.BaseFilter.doFilter(BaseFilter.java:42) [portal-kernel.jar:?]
	at com.liferay.portal.kernel.servlet.filters.invoker.InvokerFilterChain.processDoFilter(InvokerFilterChain.java:204) [portal-kernel.jar:?]
	at com.liferay.portal.kernel.servlet.filters.invoker.InvokerFilterChain.doFilter(InvokerFilterChain.java:109) [portal-kernel.jar:?]
	at com.liferay.portal.servlet.filters.password.modified.PasswordModifiedFilter.processFilter(PasswordModifiedFilter.java:47) [portal-impl.jar:?]
	at com.liferay.portal.kernel.servlet.BaseFilter.doFilter(BaseFilter.java:42) [portal-kernel.jar:?]
	at com.liferay.portal.kernel.servlet.filters.invoker.InvokerFilterChain.processDoFilter(InvokerFilterChain.java:204) [portal-kernel.jar:?]
	at com.liferay.portal.kernel.servlet.filters.invoker.InvokerFilterChain.doFilter(InvokerFilterChain.java:109) [portal-kernel.jar:?]
	at com.liferay.portal.servlet.filters.lockout.LockoutFilter.processFilter(LockoutFilter.java:49) [portal-impl.jar:?]
	at com.liferay.portal.kernel.servlet.BaseFilter.doFilter(BaseFilter.java:42) [portal-kernel.jar:?]
	at com.liferay.portal.kernel.servlet.filters.invoker.InvokerFilterChain.processDoFilter(InvokerFilterChain.java:204) [portal-kernel.jar:?]
	at com.liferay.portal.kernel.servlet.filters.invoker.InvokerFilterChain.doFilter(InvokerFilterChain.java:109) [portal-kernel.jar:?]
	at com.liferay.portal.kernel.servlet.BaseFilter.processFilter(BaseFilter.java:152) [portal-kernel.jar:?]
	at com.liferay.portal.servlet.filters.virtualhost.VirtualHostFilter.processFilter(VirtualHostFilter.java:243) [portal-impl.jar:?]
	at com.liferay.portal.kernel.servlet.BaseFilter.doFilter(BaseFilter.java:42) [portal-kernel.jar:?]
	at com.liferay.portal.kernel.servlet.filters.invoker.InvokerFilterChain.processDoFilter(InvokerFilterChain.java:204) [portal-kernel.jar:?]
	at com.liferay.portal.kernel.servlet.filters.invoker.InvokerFilterChain.doFilter(InvokerFilterChain.java:109) [portal-kernel.jar:?]
	at com.liferay.portal.kernel.servlet.filters.invoker.InvokerFilterChain.processDirectCallFilter(InvokerFilterChain.java:189) [portal-kernel.jar:?]
	at com.liferay.portal.kernel.servlet.filters.invoker.InvokerFilterChain.doFilter(InvokerFilterChain.java:92) [portal-kernel.jar:?]
	at com.liferay.portal.kernel.servlet.filters.invoker.InvokerFilterChain.processDirectCallFilter(InvokerFilterChain.java:189) [portal-kernel.jar:?]
	at com.liferay.portal.kernel.servlet.filters.invoker.InvokerFilterChain.doFilter(InvokerFilterChain.java:92) [portal-kernel.jar:?]
	at com.liferay.portal.kernel.servlet.filters.invoker.InvokerFilterChain.processDirectCallFilter(InvokerFilterChain.java:168) [portal-kernel.jar:?]
	at com.liferay.portal.kernel.servlet.filters.invoker.InvokerFilterChain.doFilter(InvokerFilterChain.java:92) [portal-kernel.jar:?]
	at com.liferay.portal.kernel.servlet.filters.invoker.InvokerFilterChain.processDirectCallFilter(InvokerFilterChain.java:189) [portal-kernel.jar:?]
	at com.liferay.portal.kernel.servlet.filters.invoker.InvokerFilterChain.doFilter(InvokerFilterChain.java:92) [portal-kernel.jar:?]
	at com.liferay.portal.kernel.servlet.filters.invoker.InvokerFilter.doFilter(InvokerFilter.java:114) [portal-kernel.jar:?]
	at com.liferay.shielded.container.internal.proxy.FilterWrapper.doFilter(FilterWrapper.java:69) [com.liferay.shielded.container.impl.jar:?]
	at org.apache.catalina.core.ApplicationFilterChain.internalDoFilter(ApplicationFilterChain.java:168) [catalina.jar:9.0.98]
	at org.apache.catalina.core.ApplicationFilterChain.doFilter(ApplicationFilterChain.java:144) [catalina.jar:9.0.98]
	at org.apache.catalina.core.StandardWrapperValve.invoke(StandardWrapperValve.java:168) [catalina.jar:9.0.98]
	at org.apache.catalina.core.StandardContextValve.invoke(StandardContextValve.java:90) [catalina.jar:9.0.98]
	at org.apache.catalina.authenticator.AuthenticatorBase.invoke(AuthenticatorBase.java:482) [catalina.jar:9.0.98]
	at org.apache.catalina.core.StandardHostValve.invoke(StandardHostValve.java:130) [catalina.jar:9.0.98]
	at org.apache.catalina.valves.ErrorReportValve.invoke(ErrorReportValve.java:93) [catalina.jar:9.0.98]
	at org.apache.catalina.core.StandardEngineValve.invoke(StandardEngineValve.java:74) [catalina.jar:9.0.98]
	at org.apache.catalina.connector.CoyoteAdapter.service(CoyoteAdapter.java:346) [catalina.jar:9.0.98]
	at org.apache.coyote.http11.Http11Processor.service(Http11Processor.java:396) [tomcat-coyote.jar:9.0.98]
	at org.apache.coyote.AbstractProcessorLight.process(AbstractProcessorLight.java:63) [tomcat-coyote.jar:9.0.98]
	at org.apache.coyote.AbstractProtocol$ConnectionHandler.process(AbstractProtocol.java:937) [tomcat-coyote.jar:9.0.98]
	at org.apache.tomcat.util.net.NioEndpoint$SocketProcessor.doRun(NioEndpoint.java:1791) [tomcat-coyote.jar:9.0.98]
	at org.apache.tomcat.util.net.SocketProcessorBase.run(SocketProcessorBase.java:52) [tomcat-coyote.jar:9.0.98]
	at org.apache.tomcat.util.threads.ThreadPoolExecutor.runWorker(ThreadPoolExecutor.java:1190) [tomcat-util.jar:9.0.98]
	at org.apache.tomcat.util.threads.ThreadPoolExecutor$Worker.run(ThreadPoolExecutor.java:659) [tomcat-util.jar:9.0.98]
	at org.apache.tomcat.util.threads.TaskThread$WrappingRunnable.run(TaskThread.java:63) [tomcat-util.jar:9.0.98]
	at java.lang.Thread.run(Thread.java:842) [?:?]
