2025-04-18 14:28:41.954 INFO  [main][PortalContextLoaderListener:114] JVM arguments: --add-opens=java.base/java.lang=ALL-UNNAMED --add-opens=java.base/java.lang.invoke=ALL-UNNAMED --add-opens=java.base/java.lang.reflect=ALL-UNNAMED --add-opens=java.base/java.net=ALL-UNNAMED --add-opens=java.base/sun.net.www.protocol.http=ALL-UNNAMED --add-opens=java.base/sun.net.www.protocol.https=ALL-UNNAMED --add-opens=java.base/sun.util.calendar=ALL-UNNAMED --add-opens=jdk.zipfs/jdk.nio.zipfs=ALL-UNNAMED --add-opens=java.base/java.lang=ALL-UNNAMED --add-opens=java.base/java.io=ALL-UNNAMED --add-opens=java.base/java.util=ALL-UNNAMED --add-opens=java.base/java.util.concurrent=ALL-UNNAMED --add-opens=java.rmi/sun.rmi.transport=ALL-UNNAMED -Djava.util.logging.config.file=D:\UOC\MasterLlocsWeb\TFM\liferay-portal\tomcat\conf\logging.properties -Djava.util.logging.manager=org.apache.juli.ClassLoaderLogManager -Djdk.tls.ephemeralDHKeySize=2048 -Djava.protocol.handler.pkgs=org.apache.catalina.webresources -Dfile.encoding=UTF-8 -Djava.net.preferIPv4Stack=true -Duser.timezone=GMT -Xms2560m -Xmx2560m -XX:MaxNewSize=1536m -XX:MaxMetaspaceSize=768m -XX:MetaspaceSize=768m -XX:NewSize=1536m -XX:SurvivorRatio=7 -Dignore.endorsed.dirs= -Dcatalina.base=D:\UOC\MasterLlocsWeb\TFM\liferay-portal\tomcat -Dcatalina.home=D:\UOC\MasterLlocsWeb\TFM\liferay-portal\tomcat -Djava.io.tmpdir=D:\UOC\MasterLlocsWeb\TFM\liferay-portal\tomcat\temp
2025-04-18 14:29:47.181 INFO  [SystemExecutorServiceUtil-1][DataSourceFactoryImpl:439] Rewrite JDBC URL from jdbc:mysql://localhost/kefaihub to jdbc:mysql://localhost/kefaihub?cachePrepStmts=true&characterEncoding=UTF-8&dontTrackOpenResources=true&holdResultsOpenOverStatementClose=true&prepStmtCacheSize=1000&prepStmtCacheSqlLimit=2048&rewriteBatchedStatements=true&serverTimezone=GMT&useFastDateParsing=false&useLocalSessionState=true&useLocalTransactionState=true&useUnicode=true
2025-04-18 14:29:48.492 INFO  [SystemExecutorServiceUtil-1][DialectDetector:134] Using dialect org.hibernate.dialect.MySQL8Dialect for MySQL 8.0
2025-04-18 14:29:49.545 INFO  [main][ModuleFrameworkImpl:1355] Starting initial bundles
2025-04-18 14:29:55.808 INFO  [main][InterpolationConfigurationPlugin:109] Configured directory for secrets: D:/UOC/MasterLlocsWeb/TFM/liferay-portal/osgi/configs
2025-04-18 14:29:57.621 INFO  [main][ModuleFrameworkImpl:1645] Started initial bundles
2025-04-18 14:29:57.621 INFO  [main][ModuleFrameworkImpl:1690] Starting dynamic bundles
2025-04-18 14:30:04.062 WARN  [Start Level: Equinox Container: d0e3a95d-3165-4a50-8352-64381719e2d8][SidecarManager:70] Liferay automatically starts a child process of Elasticsearch named sidecar for convenient development and demonstration purposes. Do NOT use sidecar in production. Refer to the documentation for details on the limitations of sidecar and instructions on configuring a remote Elasticsearch connection in the Control Panel.
2025-04-18 14:30:24.571 INFO  [main][ModuleFrameworkImpl:1713] Started dynamic bundles
2025-04-18 14:30:24.571 INFO  [main][ModuleFrameworkImpl:1720] Starting web bundles
2025-04-18 14:30:28.835 INFO  [main][ModuleFrameworkImpl:1774] Started web bundles
2025-04-18 14:30:28.836 INFO  [main][ModuleFrameworkImpl:283] Navigate to Control Panel > System > Gogo Shell and enter "lb" to see all bundles
2025-04-18 14:30:30.195 INFO  [SystemExecutorServiceUtil-18][Sidecar:100] Sidecar Elasticsearch 7.17.26 liferay_sidecar started at 127.0.0.1:9201
2025-04-18 14:30:30.263 INFO  [main][StartupHelperUtil:100] There are no patches installed
2025-04-18 14:30:32.325 INFO  [main][AutoDeployDir:152] Auto deploy scanner started for D:\UOC\MasterLlocsWeb\TFM\liferay-portal\deploy
2025-04-18 14:30:39.518 INFO  [fileinstall-directory-watcher][BaseAutoDeployListener:34] Copying themes for D:\UOC\MasterLlocsWeb\TFM\liferay-portal\tomcat\temp\20250418143038968MPOIJQTQ\admin-theme.war
2025-04-18 14:30:45.402 INFO  [fileinstall-directory-watcher][BaseAutoDeployListener:41] Themes for D:\UOC\MasterLlocsWeb\TFM\liferay-portal\tomcat\temp\20250418143038968MPOIJQTQ\admin-theme.war copied successfully
2025-04-18 14:30:47.290 INFO  [fileinstall-directory-watcher][BaseAutoDeployListener:34] Copying themes for D:\UOC\MasterLlocsWeb\TFM\liferay-portal\tomcat\temp\20250418143047155WFWSGAHH\classic-theme.war
2025-04-18 14:30:51.033 INFO  [fileinstall-directory-watcher][BaseAutoDeployListener:41] Themes for D:\UOC\MasterLlocsWeb\TFM\liferay-portal\tomcat\temp\20250418143047155WFWSGAHH\classic-theme.war copied successfully
2025-04-18 14:30:52.311 INFO  [fileinstall-directory-watcher][BaseAutoDeployListener:34] Copying themes for D:\UOC\MasterLlocsWeb\TFM\liferay-portal\tomcat\temp\20250418143052273UWSSGQMH\dialect-theme.war
2025-04-18 14:30:56.181 INFO  [fileinstall-directory-watcher][BaseAutoDeployListener:41] Themes for D:\UOC\MasterLlocsWeb\TFM\liferay-portal\tomcat\temp\20250418143052273UWSSGQMH\dialect-theme.war copied successfully
2025-04-18 14:30:58.131 INFO  [fileinstall-directory-watcher][BaseAutoDeployListener:34] Copying themes for D:\UOC\MasterLlocsWeb\TFM\liferay-portal\tomcat\temp\20250418143057450BTTQPXTH\minium-theme.war
2025-04-18 14:31:02.101 INFO  [fileinstall-directory-watcher][BaseAutoDeployListener:41] Themes for D:\UOC\MasterLlocsWeb\TFM\liferay-portal\tomcat\temp\20250418143057450BTTQPXTH\minium-theme.war copied successfully
2025-04-18 14:31:03.335 INFO  [fileinstall-directory-watcher][BaseAutoDeployListener:34] Copying themes for D:\UOC\MasterLlocsWeb\TFM\liferay-portal\tomcat\temp\20250418143103300YLMJSUCC\speedwell-theme.war
2025-04-18 14:31:06.950 INFO  [fileinstall-directory-watcher][BaseAutoDeployListener:41] Themes for D:\UOC\MasterLlocsWeb\TFM\liferay-portal\tomcat\temp\20250418143103300YLMJSUCC\speedwell-theme.war copied successfully
2025-04-18 17:55:29.234 INFO  [main][PortalContextLoaderListener:114] JVM arguments: --add-opens=java.base/java.lang=ALL-UNNAMED --add-opens=java.base/java.lang.invoke=ALL-UNNAMED --add-opens=java.base/java.lang.reflect=ALL-UNNAMED --add-opens=java.base/java.net=ALL-UNNAMED --add-opens=java.base/sun.net.www.protocol.http=ALL-UNNAMED --add-opens=java.base/sun.net.www.protocol.https=ALL-UNNAMED --add-opens=java.base/sun.util.calendar=ALL-UNNAMED --add-opens=jdk.zipfs/jdk.nio.zipfs=ALL-UNNAMED --add-opens=java.base/java.lang=ALL-UNNAMED --add-opens=java.base/java.io=ALL-UNNAMED --add-opens=java.base/java.util=ALL-UNNAMED --add-opens=java.base/java.util.concurrent=ALL-UNNAMED --add-opens=java.rmi/sun.rmi.transport=ALL-UNNAMED -Djava.util.logging.config.file=D:\UOC\MasterLlocsWeb\TFM\liferay-portal\tomcat\conf\logging.properties -Djava.util.logging.manager=org.apache.juli.ClassLoaderLogManager -Djdk.tls.ephemeralDHKeySize=2048 -Djava.protocol.handler.pkgs=org.apache.catalina.webresources -Dfile.encoding=UTF-8 -Djava.net.preferIPv4Stack=true -Duser.timezone=GMT -Xms2560m -Xmx2560m -XX:MaxNewSize=1536m -XX:MaxMetaspaceSize=768m -XX:MetaspaceSize=768m -XX:NewSize=1536m -XX:SurvivorRatio=7 -Dignore.endorsed.dirs= -Dcatalina.base=D:\UOC\MasterLlocsWeb\TFM\liferay-portal\tomcat -Dcatalina.home=D:\UOC\MasterLlocsWeb\TFM\liferay-portal\tomcat -Djava.io.tmpdir=D:\UOC\MasterLlocsWeb\TFM\liferay-portal\tomcat\temp
2025-04-18 17:56:23.422 INFO  [SystemExecutorServiceUtil-1][DataSourceFactoryImpl:439] Rewrite JDBC URL from jdbc:mysql://localhost/kefaihub to jdbc:mysql://localhost/kefaihub?cachePrepStmts=true&characterEncoding=UTF-8&dontTrackOpenResources=true&holdResultsOpenOverStatementClose=true&prepStmtCacheSize=1000&prepStmtCacheSqlLimit=2048&rewriteBatchedStatements=true&serverTimezone=GMT&useFastDateParsing=false&useLocalSessionState=true&useLocalTransactionState=true&useUnicode=true
2025-04-18 17:56:27.448 INFO  [SystemExecutorServiceUtil-1][DialectDetector:134] Using dialect org.hibernate.dialect.MySQL8Dialect for MySQL 8.0
2025-04-18 17:56:27.548 INFO  [SystemExecutorServiceUtil-1][DBInitUtil:109] Create tables and populate with default data
2025-04-18 17:56:33.313 INFO  [main][ModuleFrameworkImpl:1355] Starting initial bundles
2025-04-18 17:56:39.239 INFO  [main][InterpolationConfigurationPlugin:109] Configured directory for secrets: D:/UOC/MasterLlocsWeb/TFM/liferay-portal/osgi/configs
2025-04-18 17:56:40.654 INFO  [main][ModuleFrameworkImpl:1645] Started initial bundles
2025-04-18 17:56:40.654 INFO  [main][ModuleFrameworkImpl:1690] Starting dynamic bundles
2025-04-18 17:56:45.872 WARN  [Start Level: Equinox Container: 96733b91-f740-493b-80d0-fa9cda72c544][SidecarManager:70] Liferay automatically starts a child process of Elasticsearch named sidecar for convenient development and demonstration purposes. Do NOT use sidecar in production. Refer to the documentation for details on the limitations of sidecar and instructions on configuring a remote Elasticsearch connection in the Control Panel.
2025-04-18 17:57:02.120 INFO  [main][ModuleFrameworkImpl:1713] Started dynamic bundles
2025-04-18 17:57:02.121 INFO  [main][ModuleFrameworkImpl:1720] Starting web bundles
2025-04-18 17:57:04.920 INFO  [SystemExecutorServiceUtil-6][Sidecar:100] Sidecar Elasticsearch 7.17.26 liferay_sidecar started at 127.0.0.1:9201
2025-04-18 17:57:05.031 INFO  [main][ModuleFrameworkImpl:1774] Started web bundles
2025-04-18 17:57:05.031 INFO  [main][ModuleFrameworkImpl:283] Navigate to Control Panel > System > Gogo Shell and enter "lb" to see all bundles
2025-04-18 17:57:07.412 INFO  [main][StartupHelperUtil:100] There are no patches installed
2025-04-18 17:57:07.940 INFO  [main][AutoDeployDir:152] Auto deploy scanner started for D:\UOC\MasterLlocsWeb\TFM\liferay-portal\deploy
2025-04-18 17:57:33.964 INFO  [main][VerifyProcess:65] Verifying com.liferay.portal.security.service.access.policy.internal.verify.SAPServiceVerifyProcess
2025-04-18 17:57:33.964 INFO  [main][LoggingTimer:74] Starting com.liferay.portal.security.service.access.policy.internal.verify.SAPServiceVerifyProcess#verifyDefaultSAPEntry
2025-04-18 17:57:33.980 INFO  [main][LoggingTimer:35] Completed com.liferay.portal.security.service.access.policy.internal.verify.SAPServiceVerifyProcess#verifyDefaultSAPEntry in 16 ms
2025-04-18 17:57:33.980 INFO  [main][VerifyProcess:78] Completed verification process com.liferay.portal.security.service.access.policy.internal.verify.SAPServiceVerifyProcess in 17 ms
2025-04-18 17:57:33.990 INFO  [main][VerifyProcess:65] Verifying com.liferay.commerce.product.internal.verify.CommerceProductServiceVerifyProcess
2025-04-18 17:57:33.990 INFO  [main][LoggingTimer:74] Starting com.liferay.commerce.product.internal.verify.CommerceProductServiceVerifyProcess#verifyCPMeasurementUnits
2025-04-18 17:57:34.081 INFO  [main][LoggingTimer:35] Completed com.liferay.commerce.product.internal.verify.CommerceProductServiceVerifyProcess#verifyCPMeasurementUnits in 91 ms
2025-04-18 17:57:34.081 INFO  [main][VerifyProcess:78] Completed verification process com.liferay.commerce.product.internal.verify.CommerceProductServiceVerifyProcess in 92 ms
2025-04-18 17:57:35.472 INFO  [fileinstall-directory-watcher][BaseAutoDeployListener:34] Copying themes for D:\UOC\MasterLlocsWeb\TFM\liferay-portal\tomcat\temp\20250418175735399URDHRZOQ\admin-theme.war
2025-04-18 17:57:37.886 INFO  [fileinstall-directory-watcher][BaseAutoDeployListener:41] Themes for D:\UOC\MasterLlocsWeb\TFM\liferay-portal\tomcat\temp\20250418175735399URDHRZOQ\admin-theme.war copied successfully
2025-04-18 17:57:39.366 INFO  [fileinstall-directory-watcher][BaseAutoDeployListener:34] Copying themes for D:\UOC\MasterLlocsWeb\TFM\liferay-portal\tomcat\temp\20250418175739346DWXYBYXV\classic-theme.war
2025-04-18 17:57:41.544 INFO  [fileinstall-directory-watcher][BaseAutoDeployListener:41] Themes for D:\UOC\MasterLlocsWeb\TFM\liferay-portal\tomcat\temp\20250418175739346DWXYBYXV\classic-theme.war copied successfully
2025-04-18 17:57:44.493 INFO  [fileinstall-directory-watcher][BaseAutoDeployListener:34] Copying themes for D:\UOC\MasterLlocsWeb\TFM\liferay-portal\tomcat\temp\20250418175744410FYQUCQNV\dialect-theme.war
2025-04-18 17:57:50.660 INFO  [fileinstall-directory-watcher][BaseAutoDeployListener:41] Themes for D:\UOC\MasterLlocsWeb\TFM\liferay-portal\tomcat\temp\20250418175744410FYQUCQNV\dialect-theme.war copied successfully
2025-04-18 17:57:52.222 INFO  [fileinstall-directory-watcher][BaseAutoDeployListener:34] Copying themes for D:\UOC\MasterLlocsWeb\TFM\liferay-portal\tomcat\temp\20250418175751978OJWCSZSC\minium-theme.war
2025-04-18 17:58:00.180 INFO  [fileinstall-directory-watcher][BaseAutoDeployListener:41] Themes for D:\UOC\MasterLlocsWeb\TFM\liferay-portal\tomcat\temp\20250418175751978OJWCSZSC\minium-theme.war copied successfully
2025-04-18 17:58:02.701 INFO  [fileinstall-directory-watcher][BaseAutoDeployListener:34] Copying themes for D:\UOC\MasterLlocsWeb\TFM\liferay-portal\tomcat\temp\20250418175802508UUUSRDHC\speedwell-theme.war
2025-04-18 17:58:09.717 INFO  [fileinstall-directory-watcher][BaseAutoDeployListener:41] Themes for D:\UOC\MasterLlocsWeb\TFM\liferay-portal\tomcat\temp\20250418175802508UUUSRDHC\speedwell-theme.war copied successfully
2025-04-18 23:02:05.130 INFO  [main][PortalContextLoaderListener:114] JVM arguments: --add-opens=java.base/java.lang=ALL-UNNAMED --add-opens=java.base/java.lang.invoke=ALL-UNNAMED --add-opens=java.base/java.lang.reflect=ALL-UNNAMED --add-opens=java.base/java.net=ALL-UNNAMED --add-opens=java.base/sun.net.www.protocol.http=ALL-UNNAMED --add-opens=java.base/sun.net.www.protocol.https=ALL-UNNAMED --add-opens=java.base/sun.util.calendar=ALL-UNNAMED --add-opens=jdk.zipfs/jdk.nio.zipfs=ALL-UNNAMED --add-opens=java.base/java.lang=ALL-UNNAMED --add-opens=java.base/java.io=ALL-UNNAMED --add-opens=java.base/java.util=ALL-UNNAMED --add-opens=java.base/java.util.concurrent=ALL-UNNAMED --add-opens=java.rmi/sun.rmi.transport=ALL-UNNAMED -Djava.util.logging.config.file=D:\UOC\MasterLlocsWeb\TFM\liferay-portal\tomcat\conf\logging.properties -Djava.util.logging.manager=org.apache.juli.ClassLoaderLogManager -Djdk.tls.ephemeralDHKeySize=2048 -Djava.protocol.handler.pkgs=org.apache.catalina.webresources -Dfile.encoding=UTF-8 -Djava.net.preferIPv4Stack=true -Duser.timezone=GMT -Xms2560m -Xmx2560m -XX:MaxNewSize=1536m -XX:MaxMetaspaceSize=768m -XX:MetaspaceSize=768m -XX:NewSize=1536m -XX:SurvivorRatio=7 -Dignore.endorsed.dirs= -Dcatalina.base=D:\UOC\MasterLlocsWeb\TFM\liferay-portal\tomcat -Dcatalina.home=D:\UOC\MasterLlocsWeb\TFM\liferay-portal\tomcat -Djava.io.tmpdir=D:\UOC\MasterLlocsWeb\TFM\liferay-portal\tomcat\temp
2025-04-18 23:02:05.618 INFO  [SystemExecutorServiceUtil-1][DataSourceFactoryImpl:439] Rewrite JDBC URL from jdbc:mysql://localhost/kefaihub to jdbc:mysql://localhost/kefaihub?cachePrepStmts=true&characterEncoding=UTF-8&dontTrackOpenResources=true&holdResultsOpenOverStatementClose=true&prepStmtCacheSize=1000&prepStmtCacheSqlLimit=2048&rewriteBatchedStatements=true&serverTimezone=GMT&useFastDateParsing=false&useLocalSessionState=true&useLocalTransactionState=true&useUnicode=true
2025-04-18 23:02:06.514 INFO  [SystemExecutorServiceUtil-1][DialectDetector:134] Using dialect org.hibernate.dialect.MySQL8Dialect for MySQL 8.0
2025-04-18 23:02:07.485 INFO  [main][ModuleFrameworkImpl:1355] Starting initial bundles
2025-04-18 23:02:08.245 INFO  [main][InterpolationConfigurationPlugin:109] Configured directory for secrets: D:/UOC/MasterLlocsWeb/TFM/liferay-portal/osgi/configs
2025-04-18 23:02:08.410 INFO  [main][ModuleFrameworkImpl:1645] Started initial bundles
2025-04-18 23:02:08.410 INFO  [main][ModuleFrameworkImpl:1690] Starting dynamic bundles
2025-04-18 23:02:09.147 WARN  [Start Level: Equinox Container: 4e2be5f5-dadc-49a5-bff0-3b121ef57d46][SidecarManager:70] Liferay automatically starts a child process of Elasticsearch named sidecar for convenient development and demonstration purposes. Do NOT use sidecar in production. Refer to the documentation for details on the limitations of sidecar and instructions on configuring a remote Elasticsearch connection in the Control Panel.
2025-04-18 23:02:11.092 INFO  [main][ModuleFrameworkImpl:1713] Started dynamic bundles
2025-04-18 23:02:11.093 INFO  [main][ModuleFrameworkImpl:1720] Starting web bundles
2025-04-18 23:02:11.923 INFO  [main][ModuleFrameworkImpl:1774] Started web bundles
2025-04-18 23:02:11.924 INFO  [main][ModuleFrameworkImpl:283] Navigate to Control Panel > System > Gogo Shell and enter "lb" to see all bundles
2025-04-18 23:02:13.363 INFO  [main][StartupHelperUtil:100] There are no patches installed
2025-04-18 23:02:13.968 INFO  [main][AutoDeployDir:152] Auto deploy scanner started for D:\UOC\MasterLlocsWeb\TFM\liferay-portal\deploy
2025-04-18 23:02:17.906 INFO  [SystemExecutorServiceUtil-2][Sidecar:100] Sidecar Elasticsearch 7.17.26 liferay_sidecar started at 127.0.0.1:9201
2025-04-18 23:02:22.305 INFO  [fileinstall-directory-watcher][BaseAutoDeployListener:34] Copying themes for D:\UOC\MasterLlocsWeb\TFM\liferay-portal\tomcat\temp\20250418230222052QVXCDYZP\admin-theme.war
2025-04-18 23:02:24.675 INFO  [fileinstall-directory-watcher][BaseAutoDeployListener:41] Themes for D:\UOC\MasterLlocsWeb\TFM\liferay-portal\tomcat\temp\20250418230222052QVXCDYZP\admin-theme.war copied successfully
2025-04-18 23:02:26.942 INFO  [fileinstall-directory-watcher][BaseAutoDeployListener:34] Copying themes for D:\UOC\MasterLlocsWeb\TFM\liferay-portal\tomcat\temp\20250418230226579MMBULENI\classic-theme.war
2025-04-18 23:02:30.829 INFO  [fileinstall-directory-watcher][BaseAutoDeployListener:41] Themes for D:\UOC\MasterLlocsWeb\TFM\liferay-portal\tomcat\temp\20250418230226579MMBULENI\classic-theme.war copied successfully
2025-04-18 23:02:33.187 INFO  [fileinstall-directory-watcher][BaseAutoDeployListener:34] Copying themes for D:\UOC\MasterLlocsWeb\TFM\liferay-portal\tomcat\temp\20250418230232923ECLGQRRA\dialect-theme.war
2025-04-18 23:02:35.467 INFO  [fileinstall-directory-watcher][BaseAutoDeployListener:41] Themes for D:\UOC\MasterLlocsWeb\TFM\liferay-portal\tomcat\temp\20250418230232923ECLGQRRA\dialect-theme.war copied successfully
2025-04-18 23:02:36.516 INFO  [fileinstall-directory-watcher][BaseAutoDeployListener:34] Copying themes for D:\UOC\MasterLlocsWeb\TFM\liferay-portal\tomcat\temp\20250418230236461AHHZSCKY\minium-theme.war
2025-04-18 23:02:38.826 INFO  [fileinstall-directory-watcher][BaseAutoDeployListener:41] Themes for D:\UOC\MasterLlocsWeb\TFM\liferay-portal\tomcat\temp\20250418230236461AHHZSCKY\minium-theme.war copied successfully
2025-04-18 23:02:40.198 INFO  [fileinstall-directory-watcher][BaseAutoDeployListener:34] Copying themes for D:\UOC\MasterLlocsWeb\TFM\liferay-portal\tomcat\temp\20250418230240163BNVWKMHQ\speedwell-theme.war
2025-04-18 23:02:41.788 INFO  [fileinstall-directory-watcher][BaseAutoDeployListener:41] Themes for D:\UOC\MasterLlocsWeb\TFM\liferay-portal\tomcat\temp\20250418230240163BNVWKMHQ\speedwell-theme.war copied successfully
