2025-04-27 13:47:51.779 WARN  [HikariPool-1 housekeeper][HikariPool:788] HikariPool-1 - Thread starvation or clock leap detected (housekeeper delta=1d44m29s225ms495µs900ns).
2025-04-27 15:24:02.070 INFO  [com.liferay.portal.kernel.deploy.auto.AutoDeployScanner][AutoDeployDir:212] Processing com.kefaihub.rest.impl-1.0.0.jar
2025-04-27 15:24:09.374 INFO  [fileinstall-directory-watcher][BundleStartStopLogger:71] STOPPED com.kefaihub.rest.impl_1.0.0 [1392]
2025-04-27 15:24:09.448 INFO  [Refresh Thread: Equinox Container: 1f845bde-bb4f-4875-bc6f-21e3504cf437][BundleStartStopLogger:68] STARTED com.kefaihub.rest.impl_1.0.0 [1392]
2025-04-27 15:24:56.095 INFO  [com.liferay.portal.kernel.deploy.auto.AutoDeployScanner][AutoDeployDir:212] Processing com.kefaihub.rest.impl-1.0.0.jar
2025-04-27 15:25:04.969 INFO  [fileinstall-directory-watcher][BundleStartStopLogger:71] STOPPED com.kefaihub.rest.impl_1.0.0 [1392]
2025-04-27 15:25:05.004 INFO  [Refresh Thread: Equinox Container: 1f845bde-bb4f-4875-bc6f-21e3504cf437][BundleStartStopLogger:68] STARTED com.kefaihub.rest.impl_1.0.0 [1392]
2025-04-27 15:26:29.195 INFO  [com.liferay.portal.kernel.deploy.auto.AutoDeployScanner][AutoDeployDir:212] Processing com.kefaihub.rest.impl-1.0.0.jar
2025-04-27 15:26:35.866 INFO  [fileinstall-directory-watcher][BundleStartStopLogger:71] STOPPED com.kefaihub.rest.impl_1.0.0 [1392]
2025-04-27 15:26:35.903 INFO  [Refresh Thread: Equinox Container: 1f845bde-bb4f-4875-bc6f-21e3504cf437][BundleStartStopLogger:68] STARTED com.kefaihub.rest.impl_1.0.0 [1392]
2025-04-27 15:27:17.632 INFO  [com.liferay.portal.kernel.deploy.auto.AutoDeployScanner][AutoDeployDir:212] Processing com.kefaihub.rest.impl-1.0.0.jar
2025-04-27 15:27:26.344 INFO  [fileinstall-directory-watcher][BundleStartStopLogger:71] STOPPED com.kefaihub.rest.impl_1.0.0 [1392]
2025-04-27 15:27:26.380 INFO  [Refresh Thread: Equinox Container: 1f845bde-bb4f-4875-bc6f-21e3504cf437][BundleStartStopLogger:68] STARTED com.kefaihub.rest.impl_1.0.0 [1392]
2025-04-27 15:29:23.735 INFO  [com.liferay.portal.kernel.deploy.auto.AutoDeployScanner][AutoDeployDir:212] Processing com.kefaihub.rest.impl-1.0.0.jar
2025-04-27 15:29:32.462 INFO  [fileinstall-directory-watcher][BundleStartStopLogger:71] STOPPED com.kefaihub.rest.impl_1.0.0 [1392]
2025-04-27 15:29:32.502 INFO  [Refresh Thread: Equinox Container: 1f845bde-bb4f-4875-bc6f-21e3504cf437][BundleStartStopLogger:68] STARTED com.kefaihub.rest.impl_1.0.0 [1392]
2025-04-27 15:31:08.775 INFO  [com.liferay.portal.kernel.deploy.auto.AutoDeployScanner][AutoDeployDir:212] Processing com.kefaihub.rest.impl-1.0.0.jar
2025-04-27 15:31:18.321 INFO  [fileinstall-directory-watcher][BundleStartStopLogger:71] STOPPED com.kefaihub.rest.impl_1.0.0 [1392]
2025-04-27 15:31:18.357 INFO  [Refresh Thread: Equinox Container: 1f845bde-bb4f-4875-bc6f-21e3504cf437][BundleStartStopLogger:68] STARTED com.kefaihub.rest.impl_1.0.0 [1392]
2025-04-27 15:32:14.842 INFO  [com.liferay.portal.kernel.deploy.auto.AutoDeployScanner][AutoDeployDir:212] Processing com.kefaihub.rest.impl-1.0.0.jar
2025-04-27 15:32:23.909 INFO  [fileinstall-directory-watcher][BundleStartStopLogger:71] STOPPED com.kefaihub.rest.impl_1.0.0 [1392]
2025-04-27 15:32:23.948 INFO  [Refresh Thread: Equinox Container: 1f845bde-bb4f-4875-bc6f-21e3504cf437][BundleStartStopLogger:68] STARTED com.kefaihub.rest.impl_1.0.0 [1392]
2025-04-27 15:33:26.919 INFO  [com.liferay.portal.kernel.deploy.auto.AutoDeployScanner][AutoDeployDir:212] Processing com.kefaihub.rest.impl-1.0.0.jar
2025-04-27 15:33:34.518 INFO  [fileinstall-directory-watcher][BundleStartStopLogger:71] STOPPED com.kefaihub.rest.impl_1.0.0 [1392]
2025-04-27 15:33:34.553 INFO  [Refresh Thread: Equinox Container: 1f845bde-bb4f-4875-bc6f-21e3504cf437][BundleStartStopLogger:68] STARTED com.kefaihub.rest.impl_1.0.0 [1392]
2025-04-27 15:58:15.660 INFO  [com.liferay.portal.kernel.deploy.auto.AutoDeployScanner][AutoDeployDir:212] Processing com.kefaihub.rest.impl-1.0.0.jar
2025-04-27 15:58:22.210 INFO  [fileinstall-directory-watcher][BundleStartStopLogger:71] STOPPED com.kefaihub.rest.impl_1.0.0 [1392]
2025-04-27 15:58:22.252 INFO  [Refresh Thread: Equinox Container: 1f845bde-bb4f-4875-bc6f-21e3504cf437][BundleStartStopLogger:68] STARTED com.kefaihub.rest.impl_1.0.0 [1392]
2025-04-27 16:00:27.755 INFO  [com.liferay.portal.kernel.deploy.auto.AutoDeployScanner][AutoDeployDir:212] Processing com.kefaihub.rest.impl-1.0.0.jar
2025-04-27 16:00:33.282 INFO  [fileinstall-directory-watcher][BundleStartStopLogger:71] STOPPED com.kefaihub.rest.impl_1.0.0 [1392]
2025-04-27 16:00:33.319 INFO  [Refresh Thread: Equinox Container: 1f845bde-bb4f-4875-bc6f-21e3504cf437][BundleStartStopLogger:68] STARTED com.kefaihub.rest.impl_1.0.0 [1392]
2025-04-27 16:10:37.051 INFO  [com.liferay.portal.kernel.deploy.auto.AutoDeployScanner][AutoDeployDir:212] Processing com.kefaihub.rest.impl-1.0.0.jar
2025-04-27 16:14:04.125 INFO  [com.liferay.portal.kernel.deploy.auto.AutoDeployScanner][AutoDeployDir:212] Processing com.kefaihub.rest.impl-1.0.0.jar
2025-04-27 16:14:11.777 INFO  [fileinstall-directory-watcher][BundleStartStopLogger:71] STOPPED com.kefaihub.rest.impl_1.0.0 [1392]
2025-04-27 16:14:11.818 INFO  [Refresh Thread: Equinox Container: 1f845bde-bb4f-4875-bc6f-21e3504cf437][BundleStartStopLogger:68] STARTED com.kefaihub.rest.impl_1.0.0 [1392]
2025-04-27 17:12:59.566 INFO  [com.liferay.portal.kernel.deploy.auto.AutoDeployScanner][AutoDeployDir:212] Processing com.kefaihub.rest.impl-1.0.0.jar
2025-04-27 17:17:11.685 INFO  [com.liferay.portal.kernel.deploy.auto.AutoDeployScanner][AutoDeployDir:212] Processing com.kefaihub.rest.impl-1.0.0.jar
2025-04-27 17:17:18.005 INFO  [fileinstall-directory-watcher][BundleStartStopLogger:71] STOPPED com.kefaihub.rest.impl_1.0.0 [1392]
2025-04-27 17:17:18.138 INFO  [Refresh Thread: Equinox Container: 1f845bde-bb4f-4875-bc6f-21e3504cf437][BundleStartStopLogger:68] STARTED com.kefaihub.rest.impl_1.0.0 [1392]
2025-04-27 17:24:11.848 INFO  [com.liferay.portal.kernel.deploy.auto.AutoDeployScanner][AutoDeployDir:212] Processing com.kefaihub.rest.impl-1.0.0.jar
2025-04-27 17:24:17.382 INFO  [fileinstall-directory-watcher][BundleStartStopLogger:71] STOPPED com.kefaihub.rest.impl_1.0.0 [1392]
2025-04-27 17:24:17.420 INFO  [Refresh Thread: Equinox Container: 1f845bde-bb4f-4875-bc6f-21e3504cf437][BundleStartStopLogger:68] STARTED com.kefaihub.rest.impl_1.0.0 [1392]
2025-04-27 17:36:57.194 INFO  [com.liferay.portal.kernel.deploy.auto.AutoDeployScanner][AutoDeployDir:212] Processing com.kefaihub.rest.impl-1.0.0.jar
2025-04-27 17:37:03.950 INFO  [fileinstall-directory-watcher][BundleStartStopLogger:71] STOPPED com.kefaihub.rest.impl_1.0.0 [1392]
2025-04-27 17:37:03.990 INFO  [Refresh Thread: Equinox Container: 1f845bde-bb4f-4875-bc6f-21e3504cf437][BundleStartStopLogger:68] STARTED com.kefaihub.rest.impl_1.0.0 [1392]
2025-04-27 17:39:54.275 INFO  [com.liferay.portal.kernel.deploy.auto.AutoDeployScanner][AutoDeployDir:212] Processing com.kefaihub.rest.api-1.0.0.jar
2025-04-27 17:39:57.276 INFO  [com.liferay.portal.kernel.deploy.auto.AutoDeployScanner][AutoDeployDir:212] Processing com.kefaihub.rest.impl-1.0.0.jar
2025-04-27 17:40:00.348 INFO  [fileinstall-directory-watcher][BundleStartStopLogger:71] STOPPED com.kefaihub.rest.api_1.0.0 [1391]
2025-04-27 17:40:00.353 INFO  [Refresh Thread: Equinox Container: 1f845bde-bb4f-4875-bc6f-21e3504cf437][BundleStartStopLogger:71] STOPPED com.kefaihub.rest.impl_1.0.0 [1392]
2025-04-27 17:40:00.389 INFO  [Refresh Thread: Equinox Container: 1f845bde-bb4f-4875-bc6f-21e3504cf437][BundleStartStopLogger:68] STARTED com.kefaihub.rest.impl_1.0.0 [1392]
2025-04-27 17:40:00.428 INFO  [Refresh Thread: Equinox Container: 1f845bde-bb4f-4875-bc6f-21e3504cf437][BundleStartStopLogger:68] STARTED com.kefaihub.rest.api_1.0.0 [1391]
2025-04-27 17:40:05.495 INFO  [fileinstall-directory-watcher][BundleStartStopLogger:71] STOPPED com.kefaihub.rest.impl_1.0.0 [1392]
2025-04-27 17:40:05.533 INFO  [Refresh Thread: Equinox Container: 1f845bde-bb4f-4875-bc6f-21e3504cf437][BundleStartStopLogger:68] STARTED com.kefaihub.rest.impl_1.0.0 [1392]
2025-04-27 17:48:24.535 INFO  [com.liferay.portal.kernel.deploy.auto.AutoDeployScanner][AutoDeployDir:212] Processing com.kefaihub.rest.impl-1.0.0.jar
2025-04-27 17:49:39.569 INFO  [com.liferay.portal.kernel.deploy.auto.AutoDeployScanner][AutoDeployDir:212] Processing com.kefaihub.rest.impl-1.0.0.jar
2025-04-27 17:49:45.504 INFO  [fileinstall-directory-watcher][BundleStartStopLogger:71] STOPPED com.kefaihub.rest.impl_1.0.0 [1392]
2025-04-27 17:49:45.576 INFO  [Refresh Thread: Equinox Container: 1f845bde-bb4f-4875-bc6f-21e3504cf437][BundleStartStopLogger:68] STARTED com.kefaihub.rest.impl_1.0.0 [1392]
2025-04-27 17:54:30.727 INFO  [com.liferay.portal.kernel.deploy.auto.AutoDeployScanner][AutoDeployDir:212] Processing com.kefaihub.rest.impl-1.0.0.jar
2025-04-27 17:54:33.770 INFO  [com.liferay.portal.kernel.deploy.auto.AutoDeployScanner][AutoDeployDir:212] Processing com.kefaihub.rest.api-1.0.0.jar
2025-04-27 17:54:39.793 INFO  [fileinstall-directory-watcher][BundleStartStopLogger:71] STOPPED com.kefaihub.rest.impl_1.0.0 [1392]
2025-04-27 17:54:39.861 INFO  [Refresh Thread: Equinox Container: 1f845bde-bb4f-4875-bc6f-21e3504cf437][BundleStartStopLogger:68] STARTED com.kefaihub.rest.impl_1.0.0 [1392]
2025-04-27 17:56:15.821 INFO  [com.liferay.portal.kernel.deploy.auto.AutoDeployScanner][AutoDeployDir:212] Processing com.kefaihub.rest.impl-1.0.0.jar
2025-04-27 17:56:21.391 INFO  [fileinstall-directory-watcher][BundleStartStopLogger:71] STOPPED com.kefaihub.rest.impl_1.0.0 [1392]
2025-04-27 17:56:21.463 INFO  [Refresh Thread: Equinox Container: 1f845bde-bb4f-4875-bc6f-21e3504cf437][BundleStartStopLogger:68] STARTED com.kefaihub.rest.impl_1.0.0 [1392]
2025-04-27 17:58:12.914 INFO  [com.liferay.portal.kernel.deploy.auto.AutoDeployScanner][AutoDeployDir:212] Processing com.kefaihub.rest.impl-1.0.0.jar
2025-04-27 17:58:22.897 INFO  [fileinstall-directory-watcher][BundleStartStopLogger:71] STOPPED com.kefaihub.rest.impl_1.0.0 [1392]
2025-04-27 17:58:22.948 INFO  [Refresh Thread: Equinox Container: 1f845bde-bb4f-4875-bc6f-21e3504cf437][BundleStartStopLogger:68] STARTED com.kefaihub.rest.impl_1.0.0 [1392]
2025-04-27 18:03:01.073 INFO  [com.liferay.portal.kernel.deploy.auto.AutoDeployScanner][AutoDeployDir:212] Processing com.kefaihub.rest.impl-1.0.0.jar
2025-04-27 18:03:10.450 INFO  [fileinstall-directory-watcher][BundleStartStopLogger:71] STOPPED com.kefaihub.rest.impl_1.0.0 [1392]
2025-04-27 18:03:10.494 INFO  [Refresh Thread: Equinox Container: 1f845bde-bb4f-4875-bc6f-21e3504cf437][BundleStartStopLogger:68] STARTED com.kefaihub.rest.impl_1.0.0 [1392]
2025-04-27 18:04:43.146 INFO  [com.liferay.portal.kernel.deploy.auto.AutoDeployScanner][AutoDeployDir:212] Processing com.kefaihub.rest.impl-1.0.0.jar
2025-04-27 18:04:51.306 INFO  [fileinstall-directory-watcher][BundleStartStopLogger:71] STOPPED com.kefaihub.rest.impl_1.0.0 [1392]
2025-04-27 18:04:51.345 INFO  [Refresh Thread: Equinox Container: 1f845bde-bb4f-4875-bc6f-21e3504cf437][BundleStartStopLogger:68] STARTED com.kefaihub.rest.impl_1.0.0 [1392]
2025-04-27 18:06:07.210 INFO  [com.liferay.portal.kernel.deploy.auto.AutoDeployScanner][AutoDeployDir:212] Processing com.kefaihub.rest.impl-1.0.0.jar
2025-04-27 18:06:17.035 INFO  [fileinstall-directory-watcher][BundleStartStopLogger:71] STOPPED com.kefaihub.rest.impl_1.0.0 [1392]
2025-04-27 18:06:17.077 INFO  [Refresh Thread: Equinox Container: 1f845bde-bb4f-4875-bc6f-21e3504cf437][BundleStartStopLogger:68] STARTED com.kefaihub.rest.impl_1.0.0 [1392]
